__name__
__doc__
__package__
__loader__
__spec__
__file__
__cached__
__builtins__
_sw_engine
_swig_property
__builtin__
_swig_setattr_nondynamic
_swig_setattr
_swig_getattr
_swig_repr
_object
_newclass
gncSplitGetGUID
gncTransGetGUID
gncAccountGetGUID
gnc_split_get_type
CREC
YREC
FREC
NREC
VREC
xaccSplitConvertAmount
xaccMallocSplit
xaccSplitReinit
xaccSplitDestroy
xaccSplitCopyOnto
xaccSplitGetBook
xaccSplitGetAccount
xaccSplitSetAccount
xaccSplitGetParent
xaccSplitSetParent
xaccSplitGetLot
xaccSplitSetLot
xaccSplitSetMemo
xaccSplitGetMemo
xaccSplitSetAction
xaccSplitGetAction
xaccSplitSetReconcile
xaccSplitGetReconcile
xaccSplitSetDateReconciledSecs
xaccSplitSetDateReconciledTS
xaccSplitGetDateReconciledTS
xaccSplitRetDateReconciledTS
xaccSplitGetDateReconciled
xaccSplitSetAmount
xaccSplitGetAmount
xaccSplitSetValue
xaccSplitGetValue
xaccSplitSetSharePriceAndAmount
xaccSplitGetSharePrice
xaccSplitSetBaseValue
xaccSplitGetBaseValue
xaccSplitGetBalance
xaccSplitGetClearedBalance
xaccSplitGetReconciledBalance
xaccSplitEqual
xaccSplitLookup
xaccSplitListGetUniqueTransactions
xaccSplitAddPeerSplit
xaccSplitHasPeers
xaccSplitIsPeerSplit
xaccSplitRemovePeerSplit
xaccSplitMergePeerSplits
xaccSplitGetOtherSplit
xaccSplitGetType
xaccSplitMakeStockSplit
xaccSplitOrder
xaccSplitOrderDateOnly
xaccSplitCompareAccountFullNames
xaccSplitCompareAccountCodes
xaccSplitCompareOtherAccountFullNames
xaccSplitCompareOtherAccountCodes
xaccSplitGetCorrAccountFullName
xaccSplitGetCorrAccountName
xaccSplitGetCorrAccountCode
xaccSplitSetSharePrice
xaccSplitVoidFormerAmount
xaccSplitVoidFormerValue
SPLIT_DATE_RECONCILED
SPLIT_BALANCE
SPLIT_CLEARED_BALANCE
SPLIT_RECONCILED_BALANCE
SPLIT_MEMO
SPLIT_ACTION
SPLIT_RECONCILE
SPLIT_AMOUNT
SPLIT_SHARE_PRICE
SPLIT_VALUE
SPLIT_TYPE
SPLIT_VOIDED_AMOUNT
SPLIT_VOIDED_VALUE
SPLIT_LOT
SPLIT_TRANS
SPLIT_ACCOUNT
SPLIT_ACCOUNT_GUID
SPLIT_ACCT_FULLNAME
SPLIT_CORR_ACCT_NAME
SPLIT_CORR_ACCT_CODE
gnc_account_get_children
gnc_account_get_children_sorted
gnc_account_get_descendants
gnc_account_get_descendants_sorted
AccountClass
AccountClass_swigregister
GncImportMatchMap
GncImportMatchMap_swigregister
gnc_account_get_type
ACCT_TYPE_INVALID
ACCT_TYPE_NONE
ACCT_TYPE_BANK
ACCT_TYPE_CASH
ACCT_TYPE_CREDIT
ACCT_TYPE_ASSET
ACCT_TYPE_LIABILITY
ACCT_TYPE_STOCK
ACCT_TYPE_MUTUAL
ACCT_TYPE_CURRENCY
ACCT_TYPE_INCOME
ACCT_TYPE_EXPENSE
ACCT_TYPE_EQUITY
ACCT_TYPE_RECEIVABLE
ACCT_TYPE_PAYABLE
ACCT_TYPE_ROOT
ACCT_TYPE_TRADING
NUM_ACCOUNT_TYPES
ACCT_TYPE_CHECKING
ACCT_TYPE_SAVINGS
ACCT_TYPE_MONEYMRKT
ACCT_TYPE_CREDITLINE
ACCT_TYPE_LAST
xaccMallocAccount
gnc_account_create_root
xaccCloneAccount
xaccAccountBeginEdit
xaccAccountCommitEdit
xaccAccountDestroy
xaccAccountEqual
xaccAccountOrder
gnc_get_account_separator_string
gnc_get_account_separator
gnc_set_account_separator
gnc_book_get_root_account
gnc_book_set_root_account
xaccAccountLookup
gnc_account_name_violations_errmsg
gnc_account_list_name_violations
gnc_account_get_book
xaccAccountSetType
xaccAccountSetName
xaccAccountSetCode
xaccAccountSetDescription
xaccAccountSetColor
xaccAccountSetFilter
xaccAccountSetSortOrder
xaccAccountSetSortReversed
xaccAccountSetNotes
xaccAccountSetLastNum
gnc_account_set_policy
xaccAccountGetType
xaccAccountIsPriced
gnc_account_set_start_balance
gnc_account_set_start_cleared_balance
gnc_account_set_start_reconciled_balance
gnc_account_set_balance_dirty
gnc_account_set_sort_dirty
gnc_account_insert_split
gnc_account_remove_split
xaccAccountGetName
xaccAccountGetCode
xaccAccountGetDescription
xaccAccountGetColor
xaccAccountGetFilter
xaccAccountGetSortOrder
xaccAccountGetSortReversed
xaccAccountGetNotes
xaccAccountGetLastNum
gnc_account_get_policy
xaccAccountRecomputeBalance
xaccAccountSortSplits
gnc_account_get_full_name
xaccAccountGainsAccount
dxaccAccountSetPriceSrc
dxaccAccountGetPriceSrc
xaccAccountGetAutoInterestXfer
xaccAccountSetAutoInterestXfer
xaccAccountSetCommodity
xaccAccountGetCommodity
gnc_account_get_currency_or_parent
xaccAccountGetCommoditySCU
xaccAccountGetCommoditySCUi
xaccAccountSetCommoditySCU
xaccAccountSetNonStdSCU
xaccAccountGetNonStdSCU
xaccAccountGetBalance
xaccAccountGetClearedBalance
xaccAccountGetReconciledBalance
xaccAccountGetPresentBalance
xaccAccountGetProjectedMinimumBalance
xaccAccountGetBalanceAsOfDate
xaccAccountConvertBalanceToCurrency
xaccAccountConvertBalanceToCurrencyAsOfDate
xaccAccountGetBalanceInCurrency
xaccAccountGetClearedBalanceInCurrency
xaccAccountGetReconciledBalanceInCurrency
xaccAccountGetPresentBalanceInCurrency
xaccAccountGetProjectedMinimumBalanceInCurrency
xaccAccountGetBalanceAsOfDateInCurrency
xaccAccountGetBalanceChangeForPeriod
gnc_account_append_child
gnc_account_remove_child
gnc_account_get_parent
gnc_account_get_root
gnc_account_is_root
gnc_account_n_children
gnc_account_child_index
gnc_account_nth_child
gnc_account_n_descendants
gnc_account_get_current_depth
gnc_account_get_tree_depth
gnc_account_foreach_child
gnc_account_foreach_descendant
gnc_account_foreach_descendant_until
gnc_account_join_children
gnc_account_merge_children
xaccAccountSetReconcileChildrenStatus
xaccAccountGetReconcileChildrenStatus
xaccAccountHasAncestor
gnc_account_lookup_by_name
gnc_account_lookup_by_full_name
gnc_account_lookup_by_code
xaccAccountTypeEnumAsString
xaccAccountStringToType
xaccAccountStringToEnum
xaccAccountGetTypeStr
xaccAccountTypesCompatibleWith
xaccParentAccountTypesCompatibleWith
xaccAccountTypesCompatible
xaccAccountTypesValid
xaccAccountIsAssetLiabType
xaccAccountIsAPARType
xaccAccountIsEquityType
xaccAccountGetSplitList
xaccAccountCountSplits
xaccAccountMoveAllSplits
xaccAccountForEachTransaction
xaccAccountFindTransByDesc
xaccAccountFindSplitByDesc
xaccAccountInsertLot
xaccAccountRemoveLot
xaccAccountGetLotList
xaccAccountForEachLot
xaccAccountFindOpenLots
xaccAccountGetReconcileLastDate
xaccAccountSetReconcileLastDate
xaccAccountGetReconcileLastInterval
xaccAccountSetReconcileLastInterval
xaccAccountGetReconcilePostponeDate
xaccAccountSetReconcilePostponeDate
xaccAccountGetReconcilePostponeBalance
xaccAccountSetReconcilePostponeBalance
xaccAccountClearReconcilePostpone
PLACEHOLDER_NONE
PLACEHOLDER_THIS
PLACEHOLDER_CHILD
xaccAccountGetPlaceholder
xaccAccountSetPlaceholder
xaccAccountGetDescendantPlaceholder
xaccAccountGetHidden
xaccAccountSetHidden
xaccAccountIsHidden
xaccAccountGetTaxRelated
xaccAccountSetTaxRelated
xaccAccountGetTaxUSCode
xaccAccountSetTaxUSCode
xaccAccountGetTaxUSPayerNameSource
xaccAccountSetTaxUSPayerNameSource
xaccAccountGetTaxUSCopyNumber
xaccAccountSetTaxUSCopyNumber
xaccAccountSetMark
xaccClearMark
xaccClearMarkDown
gnc_account_tree_begin_staged_transaction_traversals
xaccSplitsBeginStagedTransactionTraversals
xaccAccountBeginStagedTransactionTraversals
xaccTransactionTraverse
xaccAccountStagedTransactionTraversal
gnc_account_tree_staged_transaction_traversal
xaccAccountTreeForEachTransaction
gnc_account_imap_create_imap
gnc_account_imap_find_account
gnc_account_imap_add_account
gnc_account_imap_delete_account
gnc_account_imap_find_account_bayes
gnc_account_imap_add_account_bayes
GncImapInfo
GncImapInfo_swigregister
gnc_account_imap_get_info_bayes
gnc_account_imap_get_info
gnc_account_get_map_entry
gnc_account_delete_map_entry
gnc_account_delete_all_bayes_maps
DxaccAccountSetCurrency
DxaccAccountGetCurrency
dxaccAccountSetQuoteTZ
dxaccAccountGetQuoteTZ
ACCOUNT_KVP
ACCOUNT_NAME_
ACCOUNT_CODE_
ACCOUNT_DESCRIPTION_
ACCOUNT_COLOR_
ACCOUNT_FILTER_
ACCOUNT_SORT_ORDER_
ACCOUNT_SORT_REVERSED_
ACCOUNT_NOTES_
ACCOUNT_BALANCE_
ACCOUNT_CLEARED_
ACCOUNT_RECONCILED_
ACCOUNT_PRESENT_
ACCOUNT_FUTURE_MINIMUM_
ACCOUNT_TAX_RELATED
ACCOUNT_TYPE_
ACCOUNT_SCU
ACCOUNT_NSCU
ACCOUNT_PARENT
ACCOUNT_MATCH_ALL_TYPE
gnc_transaction_get_type
TXN_TYPE_NONE
TXN_TYPE_INVOICE
TXN_TYPE_PAYMENT
TXN_TYPE_LINK
xaccMallocTransaction
xaccTransDestroy
xaccTransClone
xaccTransCloneNoKvp
xaccTransEqual
xaccTransBeginEdit
xaccTransCommitEdit
xaccTransRollbackEdit
xaccTransIsOpen
xaccTransLookup
xaccTransCopyToClipBoard
xaccTransCopyOnto
xaccTransCopyFromClipBoard
xaccTransFindSplitByAccount
xaccTransScrubGains
gnc_book_count_transactions
xaccTransUseTradingAccounts
xaccTransSortSplits
xaccTransSetTxnType
xaccTransGetTxnType
xaccTransSetNum
xaccTransSetDescription
xaccTransSetAssociation
xaccTransSetNotes
xaccTransGetNum
xaccTransGetDescription
xaccTransGetAssociation
xaccTransGetNotes
xaccTransSetIsClosingTxn
xaccTransGetIsClosingTxn
xaccTransGetSplit
xaccTransGetSplitIndex
xaccTransGetSplitList
xaccTransGetPaymentAcctSplitList
xaccTransGetAPARAcctSplitList
xaccTransStillHasSplit
xaccTransGetFirstPaymentAcctSplit
xaccTransGetFirstAPARAcctSplit
xaccTransSetReadOnly
xaccTransClearReadOnly
xaccTransGetReadOnly
xaccTransIsReadonlyByPostedDate
xaccTransInFutureByPostedDate
xaccTransCountSplits
xaccTransHasReconciledSplits
xaccTransHasReconciledSplitsByAccount
xaccTransHasSplitsInState
xaccTransHasSplitsInStateByAccount
xaccTransGetCurrency
xaccTransSetCurrency
xaccTransGetImbalanceValue
xaccTransGetImbalance
xaccTransIsBalanced
xaccTransGetAccountValue
xaccTransGetAccountAmount
xaccTransGetRateForCommodity
xaccTransGetAccountConvRate
xaccTransGetAccountBalance
xaccTransOrder
xaccTransOrder_num_action
xaccTransSetDate
xaccTransSetDatePostedGDate
xaccTransSetDatePostedSecs
xaccTransSetDatePostedSecsNormalized
xaccTransSetDateEnteredSecs
xaccTransSetDateDue
xaccTransGetDate
xaccTransRetDatePosted
xaccTransGetDatePostedGDate
xaccTransGetDateEntered
xaccTransRetDateEntered
xaccTransRetDateDue
xaccTransVoid
xaccTransUnvoid
xaccTransReverse
xaccTransGetReversedBy
xaccTransGetVoidStatus
xaccTransGetVoidReason
xaccTransGetVoidTime
TRANS_KVP
TRANS_NUM
TRANS_DESCRIPTION
TRANS_DATE_ENTERED
TRANS_DATE_POSTED
TRANS_DATE_DUE
TRANS_IMBALANCE
TRANS_IS_BALANCED
TRANS_IS_CLOSING
TRANS_NOTES
TRANS_ASSOCIATION
TRANS_TYPE
TRANS_VOID_STATUS
TRANS_VOID_REASON
TRANS_VOID_TIME
TRANS_SPLITLIST
RECONCILED_MATCH_TYPE
GncLotClass
GncLotClass_swigregister
gnc_lot_get_type
gnc_lot_new
gnc_lot_destroy
gnc_lot_lookup
gnc_lot_get_book
gnc_lot_begin_edit
gnc_lot_commit_edit
gnc_lot_add_split
gnc_lot_remove_split
gnc_lot_get_split_list
gnc_lot_count_splits
gnc_lot_get_account
gnc_lot_set_account
gnc_lot_get_balance
gnc_lot_get_balance_before
gnc_lot_is_closed
gnc_lot_get_earliest_split
gnc_lot_get_latest_split
gnc_lot_set_closed_unknown
gnc_lot_get_title
gnc_lot_get_notes
gnc_lot_set_title
gnc_lot_set_notes
gnc_lot_make_default
LOT_IS_CLOSED
LOT_BALANCE
LOT_TITLE
LOT_NOTES
gncPriceGetGUID
gncBudgetGetGUID
QOF_ID_BOOK_SCM
gnc_transaction_get_date_posted
gnc_transaction_get_date_entered
gnc_split_get_date_reconciled
gnc_transaction_set_date
gnc_get_num_action
gnc_get_action_num
gnc_set_num_action
gnc_book_option_num_field_source_change
gnc_book_option_book_currency_selected
gnc_book_option_register_cb
gnc_book_option_remove_cb
gnc_timespec2timepair
gnc_timepair2timespec
gnc_time64_to_GDate
gnc_timepair_p
gnc_guid2scm
gnc_scm2guid
gnc_guid_p
gnc_query_scm2path
gnc_query2scm
gnc_scm2query
gnc_numeric_to_scm
gnc_scm_to_numeric
gnc_scm_to_commodity
gnc_commodity_to_scm
gnc_book_to_scm
gnc_get_valid_policy_list
gnc_valid_policy_name
PolicyGetName
PolicyGetDescription
PolicyGetHint
xaccGetFIFOPolicy
xaccGetLIFOPolicy
gnc_price_get_type
gnc_pricedb_get_type
PRICE_SOURCE_EDIT_DLG
PRICE_SOURCE_FQ
PRICE_SOURCE_USER_PRICE
PRICE_SOURCE_XFER_DLG_VAL
PRICE_SOURCE_SPLIT_REG
PRICE_SOURCE_STOCK_SPLIT
PRICE_SOURCE_INVOICE
PRICE_SOURCE_TEMP
PRICE_SOURCE_INVALID
PRICE_TYPE_LAST
PRICE_TYPE_UNK
PRICE_TYPE_TRN
gnc_price_create
gnc_price_clone
gnc_price_invert
gnc_price_ref
gnc_price_unref
gnc_price_begin_edit
gnc_price_commit_edit
gnc_price_set_commodity
gnc_price_set_currency
gnc_price_set_time
gnc_price_set_time64
gnc_price_set_source
gnc_price_set_source_string
gnc_price_set_typestr
gnc_price_set_value
gnc_price_lookup
gnc_price_get_commodity
gnc_price_get_currency
gnc_price_get_time
gnc_price_get_time64
gnc_price_get_source
gnc_price_get_source_string
gnc_price_get_typestr
gnc_price_get_value
gnc_price_equal
gnc_price_print
CURRENCY_DENOM
COMMODITY_DENOM_MULT
gnc_price_list_insert
gnc_price_list_remove
gnc_price_list_destroy
gnc_price_list_equal
gnc_pricedb_get_db
gnc_collection_get_pricedb
gnc_pricedb_destroy
gnc_pricedb_begin_edit
gnc_pricedb_commit_edit
gnc_pricedb_set_bulk_update
gnc_pricedb_add_price
gnc_pricedb_remove_price
PRICE_REMOVE_SOURCE_FQ
PRICE_REMOVE_SOURCE_USER
PRICE_REMOVE_SOURCE_APP
PRICE_REMOVE_SOURCE_COMM
PRICE_REMOVE_KEEP_NONE
PRICE_REMOVE_KEEP_LAST_WEEKLY
PRICE_REMOVE_KEEP_LAST_MONTHLY
PRICE_REMOVE_KEEP_LAST_QUARTERLY
PRICE_REMOVE_KEEP_LAST_PERIOD
PRICE_REMOVE_KEEP_SCALED
gnc_pricedb_remove_old_prices
gnc_pricedb_lookup_latest
gnc_pricedb_lookup_latest_any_currency
gnc_pricedb_has_prices
gnc_pricedb_get_prices
gnc_pricedb_lookup_at_time
gnc_pricedb_lookup_day
gnc_pricedb_lookup_day_t64
gnc_pricedb_lookup_nearest_in_time
gnc_pricedb_lookup_nearest_in_time64
gnc_pricedb_lookup_nearest_in_time_any_currency
gnc_pricedb_lookup_nearest_in_time_any_currency_t64
gnc_pricedb_lookup_latest_before
gnc_pricedb_lookup_latest_before_any_currency
gnc_pricedb_convert_balance_latest_price
gnc_pricedb_convert_balance_nearest_price
gnc_pricedb_foreach_price
gnc_pricedb_num_prices
gnc_pricedb_nth_price
gnc_pricedb_get_num_prices
gnc_pricedb_equal
gnc_pricedb_print_contents
PRICE_COMMODITY
PRICE_CURRENCY
PRICE_DATE
PRICE_SOURCE
PRICE_TYPE
PRICE_VALUE
qof_session_new
qof_session_get_book
qof_session_get_url
timespec_get_type
MAX_DATE_LENGTH
QOF_UTC_DATE_FORMAT
QOF_DATE_FORMAT_US
QOF_DATE_FORMAT_UK
QOF_DATE_FORMAT_CE
QOF_DATE_FORMAT_ISO
QOF_DATE_FORMAT_LOCALE
QOF_DATE_FORMAT_UTC
QOF_DATE_FORMAT_CUSTOM
QOF_DATE_FORMAT_UNSET
QOF_DATE_COMPLETION_THISYEAR
QOF_DATE_COMPLETION_SLIDING
GNCDATE_MONTH_NUMBER
GNCDATE_MONTH_ABBREV
GNCDATE_MONTH_NAME
gnc_localtime
gnc_localtime_r
gnc_gmtime
gnc_mktime
gnc_timegm
gnc_ctime
gnc_time
gnc_difftime
gnc_date_dateformat_to_string
gnc_date_string_to_dateformat
gnc_date_monthformat_to_string
gnc_date_string_to_monthformat
gnc_print_time64
gnc_g_date_new_today
gnc_gdate_set_today
gnc_gdate_set_time64
timespec_equal
timespec_cmp
timespec_diff
timespec_abs
timespecCanonicalDayTime
time64CanonicalDayTime
timespec_now
timespecFromTime64
timespecToTime64
time64_to_gdate
timespec_to_gdate
gdate_to_timespec
gdate_to_time64
gnc_dmy2time64
gnc_dmy2time64_neutral
gnc_dmy2time64_end
gnc_dmy2timespec
gnc_dmy2timespec_end
gnc_dmy2timespec_neutral
gnc_iso8601_to_time64_gmt
gnc_timespec_to_iso8601_buff
gnc_time64_to_iso8601_buff
gnc_timespec2dmy
qof_date_format_get
qof_date_format_set
qof_date_format_get_string
qof_date_text_format_get_string
qof_date_completion_set
dateSeparator
qof_strftime
qof_print_date_dmy_buff
qof_print_date_buff
qof_print_gdate
qof_print_date
gnc_print_date
qof_scan_date
gnc_tm_set_day_start
gnc_tm_set_day_middle
gnc_tm_set_day_end
gnc_time64_get_day_start
gnc_time64_get_day_end
gnc_date_get_last_mday
gnc_tm_get_today_start
gnc_tm_get_today_end
gnc_time64_get_today_start
gnc_time64_get_today_end
gnc_date_timestamp
MIN_BUF_LEN
gnc_dow_abbrev
gnc_gdate_equal
gnc_gdate_hash
gnc_time64_get_day_start_gdate
gnc_time64_get_day_end_gdate
gnc_gdate_set_month_start
gnc_gdate_set_month_end
gnc_gdate_set_prev_month_start
gnc_gdate_set_prev_month_end
gnc_gdate_set_quarter_start
gnc_gdate_set_quarter_end
gnc_gdate_set_prev_quarter_start
gnc_gdate_set_prev_quarter_end
gnc_gdate_set_year_start
gnc_gdate_set_year_end
gnc_gdate_set_prev_year_start
gnc_gdate_set_prev_year_end
gnc_gdate_set_fiscal_year_start
gnc_gdate_set_fiscal_year_end
gnc_gdate_set_prev_fiscal_year_start
gnc_gdate_set_prev_fiscal_year_end
guid_new_return
qof_query_create_for_splits
qof_query_run
qof_query_last_run
qof_query_run_subquery
gnc_get_current_session
gnc_clear_current_session
gnc_set_current_session
gnc_current_session_exist
QUERY_TXN_MATCH_ALL
QUERY_TXN_MATCH_ANY
xaccQueryGetSplitsUniqueTrans
xaccQueryGetTransactions
xaccQueryGetLots
xaccQueryAddAccountMatch
xaccQueryAddAccountGUIDMatch
xaccQueryAddSingleAccountMatch
xaccQueryAddStringMatch
xaccQueryAddDescriptionMatch
xaccQueryAddNotesMatch
xaccQueryAddNumberMatch
xaccQueryAddActionMatch
xaccQueryAddMemoMatch
xaccQueryAddValueMatch
xaccQueryAddSharePriceMatch
xaccQueryAddSharesMatch
xaccQueryAddBalanceMatch
xaccQueryAddNumericMatch
xaccQueryAddDateMatch
xaccQueryAddDateMatchTT
xaccQueryGetDateMatchTT
xaccQueryAddClosingTransMatch
CLEARED_NONE
CLEARED_NO
CLEARED_CLEARED
CLEARED_RECONCILED
CLEARED_FROZEN
CLEARED_VOIDED
CLEARED_ALL
xaccQueryAddClearedMatch
xaccQueryAddGUIDMatch
xaccQueryGetEarliestDateFound
xaccQueryGetLatestDateFound
QOF_MOD_QUERY
QOF_QUERY_AND
QOF_QUERY_OR
QOF_QUERY_NAND
QOF_QUERY_NOR
QOF_QUERY_XOR
QUERY_DEFAULT_SORT
QOF_PARAM_BOOK
QOF_PARAM_GUID
QOF_PARAM_KVP
QOF_PARAM_ACTIVE
QOF_PARAM_VERSION
qof_query_init
qof_query_shutdown
qof_query_build_param_list
qof_query_create
qof_query_create_for
qof_query_destroy
qof_query_search_for
qof_query_set_book
qof_query_add_term
qof_query_add_guid_match
qof_query_add_guid_list_match
qof_query_add_boolean_match
qof_query_clear
qof_query_purge_terms
qof_query_has_terms
qof_query_num_terms
qof_query_has_term_type
qof_query_get_term_type
qof_query_copy
qof_query_invert
qof_query_merge
qof_query_merge_in_place
qof_query_set_sort_order
qof_query_set_sort_options
qof_query_set_sort_increasing
qof_query_set_max_results
qof_query_equal
qof_query_print
qof_query_get_search_for
qof_query_get_books
QOF_COMPARE_LT
QOF_COMPARE_LTE
QOF_COMPARE_EQUAL
QOF_COMPARE_GT
QOF_COMPARE_GTE
QOF_COMPARE_NEQ
QOF_COMPARE_CONTAINS
QOF_COMPARE_NCONTAINS
QOF_STRING_MATCH_NORMAL
QOF_STRING_MATCH_CASEINSENSITIVE
QOF_DATE_MATCH_NORMAL
QOF_DATE_MATCH_DAY
QOF_NUMERIC_MATCH_DEBIT
QOF_NUMERIC_MATCH_CREDIT
QOF_NUMERIC_MATCH_ANY
QOF_GUID_MATCH_ANY
QOF_GUID_MATCH_NONE
QOF_GUID_MATCH_NULL
QOF_GUID_MATCH_ALL
QOF_GUID_MATCH_LIST_ANY
QOF_CHAR_MATCH_ANY
QOF_CHAR_MATCH_NONE
_QofQueryPredData
_QofQueryPredData_swigregister
cvar
qof_query_string_predicate
qof_query_date_predicate
qof_query_numeric_predicate
qof_query_guid_predicate
qof_query_int32_predicate
qof_query_int64_predicate
qof_query_double_predicate
qof_query_boolean_predicate
qof_query_char_predicate
qof_query_collect_predicate
qof_query_choice_predicate
qof_query_core_predicate_copy
qof_query_core_predicate_free
qof_query_date_predicate_get_date
qof_query_core_to_string
qof_string_number_compare_func
KVP_OPTION_PATH
OPTION_SECTION_ACCOUNTS
OPTION_NAME_TRADING_ACCOUNTS
OPTION_NAME_CURRENCY_ACCOUNTING
OPTION_NAME_BOOK_CURRENCY
OPTION_NAME_DEFAULT_GAINS_POLICY
OPTION_NAME_DEFAULT_GAINS_LOSS_ACCT_GUID
OPTION_NAME_AUTO_READONLY_DAYS
OPTION_NAME_NUM_FIELD_SOURCE
OPTION_SECTION_BUDGETING
OPTION_NAME_DEFAULT_BUDGET
qof_book_use_trading_accounts
qof_book_get_book_currency_name
qof_book_get_default_gains_policy
qof_book_get_default_gain_loss_acct_guid
qof_book_uses_autoreadonly
qof_book_get_num_days_autoreadonly
qof_book_get_autoreadonly_gdate
qof_book_use_split_action_for_num_field
qof_book_shutting_down
qof_book_session_not_saved
_gnc_numeric
_gnc_numeric_swigregister
GNC_NUMERIC_RND_MASK
GNC_NUMERIC_DENOM_MASK
GNC_NUMERIC_SIGFIGS_MASK
GNC_HOW_RND_FLOOR
GNC_HOW_RND_CEIL
GNC_HOW_RND_TRUNC
GNC_HOW_RND_PROMOTE
GNC_HOW_RND_ROUND_HALF_DOWN
GNC_HOW_RND_ROUND_HALF_UP
GNC_HOW_RND_ROUND
GNC_HOW_RND_NEVER
GNC_HOW_DENOM_EXACT
GNC_HOW_DENOM_REDUCE
GNC_HOW_DENOM_LCD
GNC_HOW_DENOM_FIXED
GNC_HOW_DENOM_SIGFIG
gnc_numeric_create
gnc_numeric_zero
double_to_gnc_numeric
string_to_gnc_numeric
gnc_numeric_error
gnc_numeric_errorCode_to_string
gnc_numeric_num
gnc_numeric_denom
gnc_numeric_to_double
gnc_numeric_to_string
gnc_num_dbg_to_string
gnc_numeric_check
gnc_numeric_compare
gnc_numeric_zero_p
gnc_numeric_negative_p
gnc_numeric_positive_p
gnc_numeric_eq
gnc_numeric_equal
gnc_numeric_same
gnc_numeric_add
gnc_numeric_sub
gnc_numeric_mul
gnc_numeric_div
gnc_numeric_neg
gnc_numeric_abs
gnc_numeric_add_fixed
gnc_numeric_sub_fixed
gnc_numeric_convert
gnc_numeric_reduce
gnc_numeric_to_decimal
gnc_numeric_invert
gnc_numeric_get_type
gnc_budget_get_type
GNC_BUDGET_MAX_NUM_PERIODS_DIGITS
gnc_budget_register
gnc_budget_new
gnc_budget_destroy
gnc_budget_begin_edit
gnc_budget_commit_edit
gnc_budget_clone
gnc_budget_get_guid
gnc_budget_set_name
gnc_budget_get_name
gnc_budget_set_description
gnc_budget_get_description
gnc_budget_set_num_periods
gnc_budget_get_num_periods
gnc_budget_set_recurrence
gnc_budget_get_recurrence
gnc_budget_get_period_start_date
gnc_budget_get_period_end_date
gnc_budget_set_account_period_value
gnc_budget_unset_account_period_value
gnc_budget_is_account_period_value_set
gnc_budget_get_account_period_value
gnc_budget_get_account_period_actual_value
gnc_budget_get_default
gnc_budget_lookup
gnc_quote_source_set_fq_installed
gnc_commodity_get_type
gnc_commodity_namespace_get_type
GNC_COMMODITY_TABLE
GNC_COMMODITY_NS_LEGACY
GNC_COMMODITY_NS_TEMPLATE
GNC_COMMODITY_NS_ISO
GNC_COMMODITY_NS_CURRENCY
GNC_COMMODITY_NS_NASDAQ
GNC_COMMODITY_NS_NYSE
GNC_COMMODITY_NS_EUREX
GNC_COMMODITY_NS_MUTUAL
GNC_COMMODITY_NS_AMEX
GNC_COMMODITY_NS_ASX
GNC_COMMODITY_NS_ISO_GUI
SOURCE_SINGLE
SOURCE_MULTI
SOURCE_UNKNOWN
SOURCE_MAX
SOURCE_CURRENCY
gnc_quote_source_fq_installed
gnc_quote_source_fq_version
gnc_quote_source_num_entries
gnc_quote_source_add_new
gnc_quote_source_lookup_by_internal
gnc_quote_source_lookup_by_ti
gnc_quote_source_get_supported
gnc_quote_source_get_type
gnc_quote_source_get_index
gnc_quote_source_get_user_name
gnc_quote_source_get_internal_name
gnc_commodity_new
gnc_commodity_destroy
gnc_commodity_copy
gnc_commodity_clone
gnc_commodity_get_mnemonic
gnc_commodity_get_namespace
gnc_commodity_get_namespace_ds
gnc_commodity_get_fullname
gnc_commodity_get_printname
gnc_commodity_get_cusip
gnc_commodity_get_unique_name
gnc_commodity_get_fraction
gnc_commodity_get_quote_flag
gnc_commodity_get_quote_source
gnc_commodity_get_default_quote_source
gnc_commodity_get_quote_tz
gnc_commodity_get_user_symbol
gnc_commodity_get_default_symbol
gnc_commodity_get_nice_symbol
gnc_commodity_set_mnemonic
gnc_commodity_set_namespace
gnc_commodity_set_fullname
gnc_commodity_set_cusip
gnc_commodity_set_fraction
gnc_commodity_user_set_quote_flag
gnc_commodity_set_quote_flag
gnc_commodity_set_quote_source
gnc_commodity_set_quote_tz
gnc_commodity_set_user_symbol
gnc_commodity_increment_usage_count
gnc_commodity_decrement_usage_count
gnc_commodity_equiv
gnc_commodity_equal
gnc_commodity_compare
gnc_commodity_compare_void
gnc_commodity_namespace_is_iso
gnc_commodity_is_iso
gnc_commodity_is_currency
gnc_commodity_table_get_table
gnc_commodity_table_lookup
gnc_commodity_table_lookup_unique
gnc_commodity_table_find_full
gnc_commodity_find_commodity_by_guid
gnc_commodity_table_insert
gnc_commodity_table_remove
gnc_commodity_table_add_default_data
gnc_commodity_namespace_get_name
gnc_commodity_namespace_get_gui_name
gnc_commodity_namespace_get_commodity_list
gnc_commodity_table_has_namespace
gnc_commodity_table_get_namespaces
gnc_commodity_table_get_namespaces_list
gnc_commodity_table_add_namespace
gnc_commodity_table_find_namespace
gnc_commodity_table_delete_namespace
gnc_commodity_table_get_size
gnc_commodity_table_get_commodities
gnc_commodity_table_foreach_commodity
gnc_commodity_table_new
gnc_commodity_table_destroy
gnc_commodity_obtain_twin
gnc_commodity_table_register
gnc_commodity_begin_edit
gnc_commodity_commit_edit
_gnc_monetary
_gnc_monetary_swigregister
gnc_monetary_create
gnc_monetary_commodity
gnc_monetary_value
gnc_monetary_list_add_monetary
gnc_monetary_list_add_value
gnc_monetary_list_delete_zeros
gnc_monetary_list_free
gnc_hook_run
gnc_hook_create
gnc_hook_add_dangler
gnc_hook_remove_dangler
gnc_hooks_init
HOOK_STARTUP
HOOK_SHUTDOWN
HOOK_UI_STARTUP
HOOK_UI_POST_STARTUP
HOOK_UI_SHUTDOWN
HOOK_NEW_BOOK
HOOK_REPORT
HOOK_CURRENCY_CHANGED
HOOK_SAVE_OPTIONS
HOOK_ADD_EXTENSION
HOOK_BOOK_OPENED
HOOK_BOOK_CLOSED
HOOK_BOOK_SAVED
gnc_book_get_template_root
qof_book_options_delete
qof_book_set_option
qof_book_get_option
qof_book_get_string_option
qof_book_set_string_option
gncTaxTableReturnGUID
gncInvoiceReturnGUID
gncJobReturnGUID
gncVendorReturnGUID
gncCustomerReturnGUID
gncEmployeeReturnGUID
gncTaxTableLookupFlip
gncInvoiceLookupFlip
gncJobLookupFlip
gncVendorLookupFlip
gncCustomerLookupFlip
gncEmployeeLookupFlip
GNC_ADDRESS_MODULE_NAME
GNC_ID_ADDRESS
gnc_address_get_type
gncAddressCreate
gncAddressDestroy
gncAddressBeginEdit
gncAddressCommitEdit
gncAddressSetName
gncAddressSetAddr1
gncAddressSetAddr2
gncAddressSetAddr3
gncAddressSetAddr4
gncAddressSetPhone
gncAddressSetFax
gncAddressSetEmail
gncAddressClearDirty
gncAddressGetName
gncAddressGetAddr1
gncAddressGetAddr2
gncAddressGetAddr3
gncAddressGetAddr4
gncAddressGetPhone
gncAddressGetFax
gncAddressGetEmail
gncAddressIsDirty
gncAddressCompare
gncAddressEqual
ADDRESS_NAME
ADDRESS_ONE
ADDRESS_TWO
ADDRESS_THREE
ADDRESS_FOUR
ADDRESS_PHONE
ADDRESS_FAX
ADDRESS_EMAIL
ADDRESS_OWNER
GNC_ID_BILLTERM
gnc_billterm_get_type
GNC_BILLTERM_NAME
GNC_BILLTERM_DESC
GNC_BILLTERM_DUEDAYS
GNC_BILLTERM_DISCDAYS
GNC_BILLTERM_CUTOFF
GNC_BILLTERM_TYPE
GNC_BILLTERM_DISCOUNT
GNC_BILLTERM_REFCOUNT
GNC_TERM_TYPE_DAYS
GNC_TERM_TYPE_PROXIMO
gncBillTermCreate
gncBillTermDestroy
gncBillTermIncRef
gncBillTermDecRef
gncBillTermChanged
gncBillTermBeginEdit
gncBillTermCommitEdit
gncBillTermSetName
gncBillTermSetDescription
gncBillTermSetType
gncBillTermSetDueDays
gncBillTermSetDiscountDays
gncBillTermSetDiscount
gncBillTermSetCutoff
gncBillTermLookup
gncBillTermLookupByName
gncBillTermGetTerms
gncBillTermGetName
gncBillTermGetDescription
gncBillTermGetType
gncBillTermGetDueDays
gncBillTermGetDiscountDays
gncBillTermGetDiscount
gncBillTermGetCutoff
gncBillTermIsDirty
gncBillTermGetParent
gncBillTermReturnChild
gncBillTermGetRefcount
gncBillTermCompare
gncBillTermEqual
gncBillTermIsFamily
gncBillTermComputeDueDate
OWNER_EXPORT_PDF_DIRNAME
LAST_POSTED_TO_ACCT
GNC_PAYMENT
GNC_LAST_ACCOUNT
GNC_BILLTERM_MODULE_NAME
gncBusinessGetList
gncBusinessGetOwnerList
gncBusinessIsPaymentAcctType
GNC_ID_CUSTOMER
gnc_customer_get_type
gncCustomerCreate
gncCustomerDestroy
gncCustomerBeginEdit
gncCustomerCommitEdit
gncCustomerSetID
gncCustomerSetName
gncCustomerSetNotes
gncCustomerSetTerms
gncCustomerSetTaxIncluded
gncCustomerSetActive
gncCustomerSetDiscount
gncCustomerSetCredit
gncCustomerSetCurrency
gncCustomerSetTaxTableOverride
gncCustomerSetTaxTable
gncCustomerAddJob
gncCustomerRemoveJob
gncCustomerLookup
gncCustomerGetID
gncCustomerGetName
gncCustomerGetAddr
gncCustomerGetShipAddr
gncCustomerGetNotes
gncCustomerGetTerms
gncCustomerGetTaxIncluded
gncCustomerGetActive
gncCustomerGetDiscount
gncCustomerGetCredit
gncCustomerGetCurrency
gncCustomerGetTaxTableOverride
gncCustomerGetTaxTable
gncCustomerCompare
CUSTOMER_ID
CUSTOMER_NAME
CUSTOMER_ADDR
CUSTOMER_SHIPADDR
CUSTOMER_NOTES
CUSTOMER_DISCOUNT
CUSTOMER_CREDIT
CUSTOMER_TT_OVER
CUSTOMER_TAX_INC
CUSTOMER_TERMS
CUSTOMER_ACTIVE
CUSTOMER_SLOTS
gncCustomerEqual
gncCustomerGetJoblist
gncCustomerIsDirty
GNC_ID_EMPLOYEE
gnc_employee_get_type
gncEmployeeCreate
gncEmployeeDestroy
gncEmployeeBeginEdit
gncEmployeeCommitEdit
gncEmployeeCompare
gncEmployeeSetID
gncEmployeeSetUsername
gncEmployeeSetName
gncEmployeeSetLanguage
gncEmployeeSetAcl
gncEmployeeSetWorkday
gncEmployeeSetRate
gncEmployeeSetCurrency
gncEmployeeSetActive
gncEmployeeSetCCard
qofEmployeeSetAddr
gncEmployeeGetBook
gncEmployeeGetID
gncEmployeeGetUsername
gncEmployeeGetName
gncEmployeeGetAddr
gncEmployeeGetLanguage
gncEmployeeGetAcl
gncEmployeeGetWorkday
gncEmployeeGetRate
gncEmployeeGetCurrency
gncEmployeeGetActive
gncEmployeeGetCCard
gncEmployeeLookup
EMPLOYEE_ID
EMPLOYEE_USERNAME
EMPLOYEE_NAME
EMPLOYEE_ADDR
EMPLOYEE_LANGUAGE
EMPLOYEE_ACL
EMPLOYEE_WORKDAY
EMPLOYEE_RATE
EMPLOYEE_CC
gncEmployeeEqual
gncEmployeeIsDirty
GNC_PAYMENT_CASH
GNC_PAYMENT_CARD
GNC_DISC_PRETAX
GNC_DISC_SAMETIME
GNC_DISC_POSTTAX
GNC_ID_ENTRY
gnc_entry_get_type
gncEntryDiscountHowToString
gncEntryDiscountStringToHow
gncEntryPaymentTypeToString
gncEntryPaymentStringToType
gncEntryCreate
gncEntryDestroy
gncEntrySetDateGDate
gncEntrySetDate
gncEntrySetDateEntered
gncEntrySetDescription
gncEntrySetAction
gncEntrySetNotes
gncEntrySetQuantity
gncEntrySetDocQuantity
gncEntrySetInvAccount
gncEntrySetInvPrice
gncEntrySetInvTaxable
gncEntrySetInvTaxIncluded
gncEntrySetInvTaxTable
gncEntrySetInvDiscount
gncEntrySetInvDiscountType
gncEntrySetInvDiscountHow
qofEntrySetInvDiscType
qofEntrySetInvDiscHow
gncEntrySetBillAccount
gncEntrySetBillPrice
gncEntrySetBillTaxable
gncEntrySetBillTaxIncluded
gncEntrySetBillTaxTable
gncEntrySetBillable
gncEntrySetBillTo
gncEntrySetBillPayment
gncEntryGetDateGDate
gncEntryGetDate
gncEntryGetDateEntered
gncEntryGetDescription
gncEntryGetAction
gncEntryGetNotes
gncEntryGetQuantity
gncEntryGetDocQuantity
gncEntryGetInvAccount
gncEntryGetInvPrice
gncEntryGetPrice
gncEntryGetInvDiscount
gncEntryGetInvDiscountType
gncEntryGetInvDiscountHow
qofEntryGetInvDiscType
qofEntryGetInvDiscHow
gncEntryGetInvTaxable
gncEntryGetInvTaxIncluded
gncEntryGetInvTaxTable
gncEntryGetBillAccount
gncEntryGetBillPrice
gncEntryGetBillTaxable
gncEntryGetBillTaxIncluded
gncEntryGetBillTaxTable
gncEntryGetBillable
gncEntryGetBillTo
gncEntryGetBillPayment
gncEntryCopy
gncEntryGetDocValue
gncEntryGetDocTaxValue
gncEntryGetDocTaxValues
gncEntryGetDocDiscountValue
gncEntryGetBalValue
gncEntryGetBalTaxValue
gncEntryGetBalTaxValues
gncEntryGetBalDiscountValue
gncEntryComputeValue
gncEntryGetOrder
gncEntryGetInvoice
gncEntryGetBill
gncEntryLookup
gncEntryIsOpen
gncEntryBeginEdit
gncEntryCommitEdit
gncEntryCompare
ENTRY_DATE
ENTRY_DATE_ENTERED
ENTRY_DESC
ENTRY_ACTION
ENTRY_NOTES
ENTRY_QTY
ENTRY_IPRICE
ENTRY_IACCT
ENTRY_BACCT
ENTRY_BPRICE
ENTRY_BILLABLE
ENTRY_BILLTO
ENTRY_ORDER
ENTRY_INVOICE
ENTRY_BILL
ENTRY_INV_DISC_TYPE
ENTRY_INV_DISC_HOW
ENTRY_INV_TAXABLE
ENTRY_BILL_TAXABLE
ENTRY_INV_TAX_INC
ENTRY_BILL_TAX_INC
ENTRY_INV_DISCOUNT
ENTRY_BILL_PAY_TYPE
GNC_ID_INVOICE
GNC_INVOICE_UNDEFINED
GNC_INVOICE_CUST_INVOICE
GNC_INVOICE_VEND_INVOICE
GNC_INVOICE_EMPL_INVOICE
GNC_INVOICE_CUST_CREDIT_NOTE
GNC_INVOICE_VEND_CREDIT_NOTE
GNC_INVOICE_EMPL_CREDIT_NOTE
GNC_INVOICE_NUM_TYPES
gnc_invoice_get_type
gncInvoiceCreate
gncInvoiceDestroy
gncInvoiceCopy
gncInvoiceSetID
gncInvoiceSetOwner
gncInvoiceSetDateOpenedGDate
gncInvoiceSetDateOpened
gncInvoiceSetDatePosted
gncInvoiceSetTerms
gncInvoiceSetBillingID
gncInvoiceSetNotes
gncInvoiceSetCurrency
gncInvoiceSetActive
gncInvoiceSetIsCreditNote
gncInvoiceSetBillTo
gncInvoiceSetToChargeAmount
gncInvoiceAddEntry
gncInvoiceRemoveEntry
gncInvoiceAddPrice
gncBillAddEntry
gncBillRemoveEntry
gncInvoiceSortEntries
gncInvoiceRemoveEntries
gncInvoiceGetID
gncInvoiceGetOwner
gncInvoiceGetDateOpened
gncInvoiceGetDatePosted
gncInvoiceGetDateDue
gncInvoiceGetTerms
gncInvoiceGetBillingID
gncInvoiceGetNotes
gncInvoiceGetOwnerType
gncInvoiceGetTypeListForOwnerType
gncInvoiceGetType
gncInvoiceGetTypeString
gncInvoiceGetCurrency
gncInvoiceGetBillTo
gncInvoiceGetToChargeAmount
gncInvoiceGetActive
gncInvoiceGetIsCreditNote
gncInvoiceGetPostedLot
gncInvoiceGetPostedTxn
gncInvoiceGetPostedAcc
gncInvoiceGetTotal
gncInvoiceGetTotalOf
gncInvoiceGetTotalSubtotal
gncInvoiceGetTotalTax
gncInvoiceGetTotalTaxList
gncInvoiceGetEntries
gncInvoiceGetPrice
gncInvoiceAmountPositive
gncInvoiceGetForeignCurrencies
gncInvoicePostToAccount
gncInvoiceUnpost
gncInvoiceAutoApplyPayments
gncInvoiceApplyPayment
gncInvoiceGetInvoiceFromTxn
gncInvoiceGetInvoiceFromLot
gncInvoiceLookup
gncInvoiceBeginEdit
gncInvoiceCommitEdit
gncInvoiceCompare
gncInvoiceIsPosted
gncInvoiceIsPaid
INVOICE_ID
INVOICE_OWNER
INVOICE_OPENED
INVOICE_POSTED
INVOICE_DUE
INVOICE_IS_POSTED
INVOICE_IS_PAID
INVOICE_TERMS
INVOICE_BILLINGID
INVOICE_NOTES
INVOICE_ACC
INVOICE_POST_TXN
INVOICE_POST_LOT
INVOICE_IS_CN
INVOICE_TYPE
INVOICE_TYPE_STRING
INVOICE_BILLTO
INVOICE_ENTRIES
INVOICE_JOB
INVOICE_FROM_LOT
INVOICE_FROM_TXN
gncInvoiceGetBook
gncInvoiceEqual
GNC_ID_JOB
gnc_job_get_type
gncJobCreate
gncJobDestroy
gncJobSetID
gncJobSetName
gncJobSetReference
gncJobSetRate
gncJobSetOwner
gncJobSetActive
gncJobBeginEdit
gncJobCommitEdit
gncJobGetID
gncJobGetName
gncJobGetReference
gncJobGetRate
gncJobGetOwner
gncJobGetActive
gncJobLookup
gncJobCompare
gncJobEqual
JOB_ID
JOB_NAME
JOB_REFERENCE
JOB_RATE
JOB_OWNER
Q_JOB_OWNER
JOB_ACTIVE
GNC_ID_ORDER
gnc_order_get_type
gncOrderCreate
gncOrderDestroy
gncOrderSetID
gncOrderSetOwner
gncOrderSetDateOpened
gncOrderSetDateClosed
gncOrderSetNotes
gncOrderSetReference
gncOrderSetActive
gncOrderAddEntry
gncOrderRemoveEntry
gncOrderGetID
gncOrderGetOwner
gncOrderGetDateOpened
gncOrderGetDateClosed
gncOrderGetNotes
gncOrderGetReference
gncOrderGetActive
gncOrderGetEntries
gncOrderBeginEdit
gncOrderCommitEdit
gncOrderCompare
gncOrderIsClosed
gncOrderLookup
ORDER_ID
ORDER_REFERENCE
ORDER_OWNER
ORDER_OPENED
ORDER_CLOSED
ORDER_IS_CLOSED
ORDER_NOTES
GNC_ID_OWNER
GNC_OWNER_NONE
GNC_OWNER_UNDEFINED
GNC_OWNER_CUSTOMER
GNC_OWNER_JOB
GNC_OWNER_VENDOR
GNC_OWNER_EMPLOYEE
qofOwnerGetType
qofOwnerGetOwner
qofOwnerSetEntity
GNC_IS_OWNER
gncOwnerTypeToQofIdType
gncOwnerRegister
gncOwnerInitUndefined
gncOwnerInitCustomer
gncOwnerInitJob
gncOwnerInitVendor
gncOwnerInitEmployee
gncOwnerGetType
gncOwnerIsValid
gncOwnerGetUndefined
gncOwnerGetCustomer
gncOwnerGetJob
gncOwnerGetVendor
gncOwnerGetEmployee
gncOwnerGetID
gncOwnerGetName
gncOwnerGetAddr
gncOwnerGetActive
gncOwnerGetCurrency
gncOwnerSetActive
gncOwnerCopy
gncOwnerEqual
gncOwnerGCompareFunc
gncOwnerCompare
gncOwnerGetGUID
gncOwnerReturnGUID
gncOwnerGetEndOwner
gncOwnerGetEndGUID
gncOwnerAttachToLot
gncOwnerLotMatchOwnerFunc
gncOwnerLotsSortFunc
gncOwnerGetOwnerFromLot
gncOwnerGetOwnerFromTxn
gncOwnerGetOwnerFromTypeGuid
gncOwnerCreatePaymentLot
gncOwnerAutoApplyPaymentsWithLots
gncOwnerApplyPayment
gncOwnerFindOffsettingSplit
gncOwnerReduceSplitTo
gncOwnerSetLotLinkMemo
gncOwnerGetAccountTypesList
gncOwnerGetCommoditiesList
gncOwnerGetBalanceInCurrency
OWNER_TYPE
OWNER_TYPE_STRING
OWNER_CUSTOMER
OWNER_JOB
OWNER_VENDOR
OWNER_EMPLOYEE
OWNER_PARENT
OWNER_PARENTG
OWNER_NAME
OWNER_FROM_LOT
gncOwnerNew
gncOwnerFree
gncOwnerBeginEdit
gncOwnerCommitEdit
gncOwnerDestroy
GNC_ID_TAXTABLE
gnc_taxtable_get_type
GNC_AMT_TYPE_VALUE
GNC_AMT_TYPE_PERCENT
GNC_TAXINCLUDED_YES
GNC_TAXINCLUDED_NO
GNC_TAXINCLUDED_USEGLOBAL
gncAmountTypeToString
gncAmountStringToType
gncTaxIncludedTypeToString
gncTaxIncludedStringToType
gncTaxTableCreate
gncTaxTableDestroy
gncTaxTableEntryCreate
gncTaxTableEntryDestroy
gncTaxTableSetName
gncTaxTableIncRef
gncTaxTableDecRef
gncTaxTableEntrySetAccount
gncTaxTableEntrySetType
gncTaxTableEntrySetAmount
gncTaxTableAddEntry
gncTaxTableRemoveEntry
gncTaxTableChanged
gncTaxTableBeginEdit
gncTaxTableCommitEdit
gncTaxTableEqual
gncTaxTableLookup
gncTaxTableLookupByName
gncTaxTableGetTables
gncTaxTableGetName
gncTaxTableGetParent
gncTaxTableReturnChild
gncTaxTableGetEntries
gncTaxTableGetRefcount
gncTaxTableLastModified
gncTaxTableEntryGetAccount
gncTaxTableEntryGetType
gncTaxTableEntryGetAmount
gncTaxTableCompare
gncTaxTableEntryCompare
gncTaxTableEntryEqual
_gncAccountValue
_gncAccountValue_swigregister
gncAccountValueAdd
gncAccountValueAddList
gncAccountValueTotal
gncAccountValueDestroy
GNC_TT_NAME
GNC_TT_REFCOUNT
GNC_ID_VENDOR
gnc_vendor_get_type
gncVendorCreate
gncVendorDestroy
gncVendorSetID
gncVendorSetName
gncVendorSetNotes
gncVendorSetTerms
gncVendorSetTaxIncluded
gncVendorSetCurrency
gncVendorSetActive
gncVendorSetTaxTableOverride
gncVendorSetTaxTable
gncVendorAddJob
gncVendorRemoveJob
gncVendorBeginEdit
gncVendorCommitEdit
gncVendorGetID
gncVendorGetName
gncVendorGetAddr
gncVendorGetNotes
gncVendorGetTerms
gncVendorGetTaxIncluded
gncVendorGetCurrency
gncVendorGetActive
gncVendorGetTaxTableOverride
gncVendorGetTaxTable
gncVendorCompare
gncVendorLookup
VENDOR_ID
VENDOR_NAME
VENDOR_ADDR
VENDOR_NOTES
VENDOR_TERMS
VENDOR_TAX_INC
VENDOR_ACTIVE
VENDOR_TAX_OVERRIDE
VENDOR_TAX_TABLE
gncVendorEqual
gncVendorIsDirty
URL_TYPE_CUSTOMER
URL_TYPE_VENDOR
URL_TYPE_EMPLOYEE
URL_TYPE_JOB
URL_TYPE_INVOICE
URL_TYPE_OWNERREPORT
qof_query_create_for_invoices
qof_query_run_for_invoices

__name__
__doc__
__package__
__loader__
__spec__
__file__
__cached__
__builtins__
_sw_engine
_swig_property
__builtin__
_swig_setattr_nondynamic
_swig_setattr
_swig_getattr
_swig_repr
_object
_newclass
gncSplitGetGUID
gncTransGetGUID
gncAccountGetGUID
gnc_split_get_type
CREC
YREC
FREC
NREC
VREC
xaccSplitConvertAmount
xaccMallocSplit
xaccSplitReinit
xaccSplitDestroy
xaccSplitCopyOnto
xaccSplitGetBook
xaccSplitGetAccount
xaccSplitSetAccount
xaccSplitGetParent
xaccSplitSetParent
xaccSplitGetLot
xaccSplitSetLot
xaccSplitSetMemo
xaccSplitGetMemo
xaccSplitSetAction
xaccSplitGetAction
xaccSplitSetReconcile
xaccSplitGetReconcile
xaccSplitSetDateReconciledSecs
xaccSplitSetDateReconciledTS
xaccSplitGetDateReconciledTS
xaccSplitRetDateReconciledTS
xaccSplitGetDateReconciled
xaccSplitSetAmount
xaccSplitGetAmount
xaccSplitSetValue
xaccSplitGetValue
xaccSplitSetSharePriceAndAmount
xaccSplitGetSharePrice
xaccSplitSetBaseValue
xaccSplitGetBaseValue
xaccSplitGetBalance
xaccSplitGetClearedBalance
xaccSplitGetReconciledBalance
xaccSplitEqual
xaccSplitLookup
xaccSplitListGetUniqueTransactions
xaccSplitAddPeerSplit
xaccSplitHasPeers
xaccSplitIsPeerSplit
xaccSplitRemovePeerSplit
xaccSplitMergePeerSplits
xaccSplitGetOtherSplit
xaccSplitGetType
xaccSplitMakeStockSplit
xaccSplitOrder
xaccSplitOrderDateOnly
xaccSplitCompareAccountFullNames
xaccSplitCompareAccountCodes
xaccSplitCompareOtherAccountFullNames
xaccSplitCompareOtherAccountCodes
xaccSplitGetCorrAccountFullName
xaccSplitGetCorrAccountName
xaccSplitGetCorrAccountCode
xaccSplitSetSharePrice
xaccSplitVoidFormerAmount
xaccSplitVoidFormerValue
SPLIT_DATE_RECONCILED
SPLIT_BALANCE
SPLIT_CLEARED_BALANCE
SPLIT_RECONCILED_BALANCE
SPLIT_MEMO
SPLIT_ACTION
SPLIT_RECONCILE
SPLIT_AMOUNT
SPLIT_SHARE_PRICE
SPLIT_VALUE
SPLIT_TYPE
SPLIT_VOIDED_AMOUNT
SPLIT_VOIDED_VALUE
SPLIT_LOT
SPLIT_TRANS
SPLIT_ACCOUNT
SPLIT_ACCOUNT_GUID
SPLIT_ACCT_FULLNAME
SPLIT_CORR_ACCT_NAME
SPLIT_CORR_ACCT_CODE
gnc_account_get_children
gnc_account_get_children_sorted
gnc_account_get_descendants
gnc_account_get_descendants_sorted
AccountClass
AccountClass_swigregister
GncImportMatchMap
GncImportMatchMap_swigregister
gnc_account_get_type
ACCT_TYPE_INVALID
ACCT_TYPE_NONE
ACCT_TYPE_BANK
ACCT_TYPE_CASH
ACCT_TYPE_CREDIT
ACCT_TYPE_ASSET
ACCT_TYPE_LIABILITY
ACCT_TYPE_STOCK
ACCT_TYPE_MUTUAL
ACCT_TYPE_CURRENCY
ACCT_TYPE_INCOME
ACCT_TYPE_EXPENSE
ACCT_TYPE_EQUITY
ACCT_TYPE_RECEIVABLE
ACCT_TYPE_PAYABLE
ACCT_TYPE_ROOT
ACCT_TYPE_TRADING
NUM_ACCOUNT_TYPES
ACCT_TYPE_CHECKING
ACCT_TYPE_SAVINGS
ACCT_TYPE_MONEYMRKT
ACCT_TYPE_CREDITLINE
ACCT_TYPE_LAST
xaccMallocAccount
gnc_account_create_root
xaccCloneAccount
xaccAccountBeginEdit
xaccAccountCommitEdit
xaccAccountDestroy
xaccAccountEqual
xaccAccountOrder
gnc_get_account_separator_string
gnc_get_account_separator
gnc_set_account_separator
gnc_book_get_root_account
gnc_book_set_root_account
xaccAccountLookup
gnc_account_name_violations_errmsg
gnc_account_list_name_violations
gnc_account_get_book
xaccAccountSetType
xaccAccountSetName
xaccAccountSetCode
xaccAccountSetDescription
xaccAccountSetColor
xaccAccountSetFilter
xaccAccountSetSortOrder
xaccAccountSetSortReversed
xaccAccountSetNotes
xaccAccountSetLastNum
gnc_account_set_policy
xaccAccountGetType
xaccAccountIsPriced
gnc_account_set_start_balance
gnc_account_set_start_cleared_balance
gnc_account_set_start_reconciled_balance
gnc_account_set_balance_dirty
gnc_account_set_sort_dirty
gnc_account_insert_split
gnc_account_remove_split
xaccAccountGetName
xaccAccountGetCode
xaccAccountGetDescription
xaccAccountGetColor
xaccAccountGetFilter
xaccAccountGetSortOrder
xaccAccountGetSortReversed
xaccAccountGetNotes
xaccAccountGetLastNum
gnc_account_get_policy
xaccAccountRecomputeBalance
xaccAccountSortSplits
gnc_account_get_full_name
xaccAccountGainsAccount
dxaccAccountSetPriceSrc
dxaccAccountGetPriceSrc
xaccAccountGetAutoInterestXfer
xaccAccountSetAutoInterestXfer
xaccAccountSetCommodity
xaccAccountGetCommodity
gnc_account_get_currency_or_parent
xaccAccountGetCommoditySCU
xaccAccountGetCommoditySCUi
xaccAccountSetCommoditySCU
xaccAccountSetNonStdSCU
xaccAccountGetNonStdSCU
xaccAccountGetBalance
xaccAccountGetClearedBalance
xaccAccountGetReconciledBalance
xaccAccountGetPresentBalance
xaccAccountGetProjectedMinimumBalance
xaccAccountGetBalanceAsOfDate
xaccAccountConvertBalanceToCurrency
xaccAccountConvertBalanceToCurrencyAsOfDate
xaccAccountGetBalanceInCurrency
xaccAccountGetClearedBalanceInCurrency
xaccAccountGetReconciledBalanceInCurrency
xaccAccountGetPresentBalanceInCurrency
xaccAccountGetProjectedMinimumBalanceInCurrency
xaccAccountGetBalanceAsOfDateInCurrency
xaccAccountGetBalanceChangeForPeriod
gnc_account_append_child
gnc_account_remove_child
gnc_account_get_parent
gnc_account_get_root
gnc_account_is_root
gnc_account_n_children
gnc_account_child_index
gnc_account_nth_child
gnc_account_n_descendants
gnc_account_get_current_depth
gnc_account_get_tree_depth
gnc_account_foreach_child
gnc_account_foreach_descendant
gnc_account_foreach_descendant_until
gnc_account_join_children
gnc_account_merge_children
xaccAccountSetReconcileChildrenStatus
xaccAccountGetReconcileChildrenStatus
xaccAccountHasAncestor
gnc_account_lookup_by_name
gnc_account_lookup_by_full_name
gnc_account_lookup_by_code
xaccAccountTypeEnumAsString
xaccAccountStringToType
xaccAccountStringToEnum
xaccAccountGetTypeStr
xaccAccountTypesCompatibleWith
xaccParentAccountTypesCompatibleWith
xaccAccountTypesCompatible
xaccAccountTypesValid
xaccAccountIsAssetLiabType
xaccAccountIsAPARType
xaccAccountIsEquityType
xaccAccountGetSplitList
xaccAccountCountSplits
xaccAccountMoveAllSplits
xaccAccountForEachTransaction
xaccAccountFindTransByDesc
xaccAccountFindSplitByDesc
xaccAccountInsertLot
xaccAccountRemoveLot
xaccAccountGetLotList
xaccAccountForEachLot
xaccAccountFindOpenLots
xaccAccountGetReconcileLastDate
xaccAccountSetReconcileLastDate
xaccAccountGetReconcileLastInterval
xaccAccountSetReconcileLastInterval
xaccAccountGetReconcilePostponeDate
xaccAccountSetReconcilePostponeDate
xaccAccountGetReconcilePostponeBalance
xaccAccountSetReconcilePostponeBalance
xaccAccountClearReconcilePostpone
PLACEHOLDER_NONE
PLACEHOLDER_THIS
PLACEHOLDER_CHILD
xaccAccountGetPlaceholder
xaccAccountSetPlaceholder
xaccAccountGetDescendantPlaceholder
xaccAccountGetHidden
xaccAccountSetHidden
xaccAccountIsHidden
xaccAccountGetTaxRelated
xaccAccountSetTaxRelated
xaccAccountGetTaxUSCode
xaccAccountSetTaxUSCode
xaccAccountGetTaxUSPayerNameSource
xaccAccountSetTaxUSPayerNameSource
xaccAccountGetTaxUSCopyNumber
xaccAccountSetTaxUSCopyNumber
xaccAccountSetMark
xaccClearMark
xaccClearMarkDown
gnc_account_tree_begin_staged_transaction_traversals
xaccSplitsBeginStagedTransactionTraversals
xaccAccountBeginStagedTransactionTraversals
xaccTransactionTraverse
xaccAccountStagedTransactionTraversal
gnc_account_tree_staged_transaction_traversal
xaccAccountTreeForEachTransaction
gnc_account_imap_create_imap
gnc_account_imap_find_account
gnc_account_imap_add_account
gnc_account_imap_delete_account
gnc_account_imap_find_account_bayes
gnc_account_imap_add_account_bayes
GncImapInfo
GncImapInfo_swigregister
gnc_account_imap_get_info_bayes
gnc_account_imap_get_info
gnc_account_get_map_entry
gnc_account_delete_map_entry
gnc_account_delete_all_bayes_maps
DxaccAccountSetCurrency
DxaccAccountGetCurrency
dxaccAccountSetQuoteTZ
dxaccAccountGetQuoteTZ
ACCOUNT_KVP
ACCOUNT_NAME_
ACCOUNT_CODE_
ACCOUNT_DESCRIPTION_
ACCOUNT_COLOR_
ACCOUNT_FILTER_
ACCOUNT_SORT_ORDER_
ACCOUNT_SORT_REVERSED_
ACCOUNT_NOTES_
ACCOUNT_BALANCE_
ACCOUNT_CLEARED_
ACCOUNT_RECONCILED_
ACCOUNT_PRESENT_
ACCOUNT_FUTURE_MINIMUM_
ACCOUNT_TAX_RELATED
ACCOUNT_TYPE_
ACCOUNT_SCU
ACCOUNT_NSCU
ACCOUNT_PARENT
ACCOUNT_MATCH_ALL_TYPE
gnc_transaction_get_type
TXN_TYPE_NONE
TXN_TYPE_INVOICE
TXN_TYPE_PAYMENT
TXN_TYPE_LINK
xaccMallocTransaction
xaccTransDestroy
xaccTransClone
xaccTransCloneNoKvp
xaccTransEqual
xaccTransBeginEdit
xaccTransCommitEdit
xaccTransRollbackEdit
xaccTransIsOpen
xaccTransLookup
xaccTransCopyToClipBoard
xaccTransCopyOnto
xaccTransCopyFromClipBoard
xaccTransFindSplitByAccount
xaccTransScrubGains
gnc_book_count_transactions
xaccTransUseTradingAccounts
xaccTransSortSplits
xaccTransSetTxnType
xaccTransGetTxnType
xaccTransSetNum
xaccTransSetDescription
xaccTransSetAssociation
xaccTransSetNotes
xaccTransGetNum
xaccTransGetDescription
xaccTransGetAssociation
xaccTransGetNotes
xaccTransSetIsClosingTxn
xaccTransGetIsClosingTxn
xaccTransGetSplit
xaccTransGetSplitIndex
xaccTransGetSplitList
xaccTransGetPaymentAcctSplitList
xaccTransGetAPARAcctSplitList
xaccTransStillHasSplit
xaccTransGetFirstPaymentAcctSplit
xaccTransGetFirstAPARAcctSplit
xaccTransSetReadOnly
xaccTransClearReadOnly
xaccTransGetReadOnly
xaccTransIsReadonlyByPostedDate
xaccTransInFutureByPostedDate
xaccTransCountSplits
xaccTransHasReconciledSplits
xaccTransHasReconciledSplitsByAccount
xaccTransHasSplitsInState
xaccTransHasSplitsInStateByAccount
xaccTransGetCurrency
xaccTransSetCurrency
xaccTransGetImbalanceValue
xaccTransGetImbalance
xaccTransIsBalanced
xaccTransGetAccountValue
xaccTransGetAccountAmount
xaccTransGetRateForCommodity
xaccTransGetAccountConvRate
xaccTransGetAccountBalance
xaccTransOrder
xaccTransOrder_num_action
xaccTransSetDate
xaccTransSetDatePostedGDate
xaccTransSetDatePostedSecs
xaccTransSetDatePostedSecsNormalized
xaccTransSetDateEnteredSecs
xaccTransSetDateDue
xaccTransGetDate
xaccTransRetDatePosted
xaccTransGetDatePostedGDate
xaccTransGetDateEntered
xaccTransRetDateEntered
xaccTransRetDateDue
xaccTransVoid
xaccTransUnvoid
xaccTransReverse
xaccTransGetReversedBy
xaccTransGetVoidStatus
xaccTransGetVoidReason
xaccTransGetVoidTime
TRANS_KVP
TRANS_NUM
TRANS_DESCRIPTION
TRANS_DATE_ENTERED
TRANS_DATE_POSTED
TRANS_DATE_DUE
TRANS_IMBALANCE
TRANS_IS_BALANCED
TRANS_IS_CLOSING
TRANS_NOTES
TRANS_ASSOCIATION
TRANS_TYPE
TRANS_VOID_STATUS
TRANS_VOID_REASON
TRANS_VOID_TIME
TRANS_SPLITLIST
RECONCILED_MATCH_TYPE
GncLotClass
GncLotClass_swigregister
gnc_lot_get_type
gnc_lot_new
gnc_lot_destroy
gnc_lot_lookup
gnc_lot_get_book
gnc_lot_begin_edit
gnc_lot_commit_edit
gnc_lot_add_split
gnc_lot_remove_split
gnc_lot_get_split_list
gnc_lot_count_splits
gnc_lot_get_account
gnc_lot_set_account
gnc_lot_get_balance
gnc_lot_get_balance_before
gnc_lot_is_closed
gnc_lot_get_earliest_split
gnc_lot_get_latest_split
gnc_lot_set_closed_unknown
gnc_lot_get_title
gnc_lot_get_notes
gnc_lot_set_title
gnc_lot_set_notes
gnc_lot_make_default
LOT_IS_CLOSED
LOT_BALANCE
LOT_TITLE
LOT_NOTES
gncPriceGetGUID
gncBudgetGetGUID
QOF_ID_BOOK_SCM
gnc_transaction_get_date_posted
gnc_transaction_get_date_entered
gnc_split_get_date_reconciled
gnc_transaction_set_date
gnc_get_num_action
gnc_get_action_num
gnc_set_num_action
gnc_book_option_num_field_source_change
gnc_book_option_book_currency_selected
gnc_book_option_register_cb
gnc_book_option_remove_cb
gnc_timespec2timepair
gnc_timepair2timespec
gnc_time64_to_GDate
gnc_timepair_p
gnc_guid2scm
gnc_scm2guid
gnc_guid_p
gnc_query_scm2path
gnc_query2scm
gnc_scm2query
gnc_numeric_to_scm
gnc_scm_to_numeric
gnc_scm_to_commodity
gnc_commodity_to_scm
gnc_book_to_scm
gnc_get_valid_policy_list
gnc_valid_policy_name
PolicyGetName
PolicyGetDescription
PolicyGetHint
xaccGetFIFOPolicy
xaccGetLIFOPolicy
gnc_price_get_type
gnc_pricedb_get_type
PRICE_SOURCE_EDIT_DLG
PRICE_SOURCE_FQ
PRICE_SOURCE_USER_PRICE
PRICE_SOURCE_XFER_DLG_VAL
PRICE_SOURCE_SPLIT_REG
PRICE_SOURCE_STOCK_SPLIT
PRICE_SOURCE_INVOICE
PRICE_SOURCE_TEMP
PRICE_SOURCE_INVALID
PRICE_TYPE_LAST
PRICE_TYPE_UNK
PRICE_TYPE_TRN
gnc_price_create
gnc_price_clone
gnc_price_invert
gnc_price_ref
gnc_price_unref
gnc_price_begin_edit
gnc_price_commit_edit
gnc_price_set_commodity
gnc_price_set_currency
gnc_price_set_time
gnc_price_set_time64
gnc_price_set_source
gnc_price_set_source_string
gnc_price_set_typestr
gnc_price_set_value
gnc_price_lookup
gnc_price_get_commodity
gnc_price_get_currency
gnc_price_get_time
gnc_price_get_time64
gnc_price_get_source
gnc_price_get_source_string
gnc_price_get_typestr
gnc_price_get_value
gnc_price_equal
gnc_price_print
CURRENCY_DENOM
COMMODITY_DENOM_MULT
gnc_price_list_insert
gnc_price_list_remove
gnc_price_list_destroy
gnc_price_list_equal
gnc_pricedb_get_db
gnc_collection_get_pricedb
gnc_pricedb_destroy
gnc_pricedb_begin_edit
gnc_pricedb_commit_edit
gnc_pricedb_set_bulk_update
gnc_pricedb_add_price
gnc_pricedb_remove_price
PRICE_REMOVE_SOURCE_FQ
PRICE_REMOVE_SOURCE_USER
PRICE_REMOVE_SOURCE_APP
PRICE_REMOVE_SOURCE_COMM
PRICE_REMOVE_KEEP_NONE
PRICE_REMOVE_KEEP_LAST_WEEKLY
PRICE_REMOVE_KEEP_LAST_MONTHLY
PRICE_REMOVE_KEEP_LAST_QUARTERLY
PRICE_REMOVE_KEEP_LAST_PERIOD
PRICE_REMOVE_KEEP_SCALED
gnc_pricedb_remove_old_prices
gnc_pricedb_lookup_latest
gnc_pricedb_lookup_latest_any_currency
gnc_pricedb_has_prices
gnc_pricedb_get_prices
gnc_pricedb_lookup_at_time
gnc_pricedb_lookup_day
gnc_pricedb_lookup_day_t64
gnc_pricedb_lookup_nearest_in_time
gnc_pricedb_lookup_nearest_in_time64
gnc_pricedb_lookup_nearest_in_time_any_currency
gnc_pricedb_lookup_nearest_in_time_any_currency_t64
gnc_pricedb_lookup_latest_before
gnc_pricedb_lookup_latest_before_any_currency
gnc_pricedb_convert_balance_latest_price
gnc_pricedb_convert_balance_nearest_price
gnc_pricedb_foreach_price
gnc_pricedb_num_prices
gnc_pricedb_nth_price
gnc_pricedb_get_num_prices
gnc_pricedb_equal
gnc_pricedb_print_contents
PRICE_COMMODITY
PRICE_CURRENCY
PRICE_DATE
PRICE_SOURCE
PRICE_TYPE
PRICE_VALUE
qof_session_new
qof_session_get_book
qof_session_get_url
timespec_get_type
MAX_DATE_LENGTH
QOF_UTC_DATE_FORMAT
QOF_DATE_FORMAT_US
QOF_DATE_FORMAT_UK
QOF_DATE_FORMAT_CE
QOF_DATE_FORMAT_ISO
QOF_DATE_FORMAT_LOCALE
QOF_DATE_FORMAT_UTC
QOF_DATE_FORMAT_CUSTOM
QOF_DATE_FORMAT_UNSET
QOF_DATE_COMPLETION_THISYEAR
QOF_DATE_COMPLETION_SLIDING
GNCDATE_MONTH_NUMBER
GNCDATE_MONTH_ABBREV
GNCDATE_MONTH_NAME
gnc_localtime
gnc_localtime_r
gnc_gmtime
gnc_mktime
gnc_timegm
gnc_ctime
gnc_time
gnc_difftime
gnc_date_dateformat_to_string
gnc_date_string_to_dateformat
gnc_date_monthformat_to_string
gnc_date_string_to_monthformat
gnc_print_time64
gnc_g_date_new_today
gnc_gdate_set_today
gnc_gdate_set_time64
timespec_equal
timespec_cmp
timespec_diff
timespec_abs
timespecCanonicalDayTime
time64CanonicalDayTime
timespec_now
timespecFromTime64
timespecToTime64
time64_to_gdate
timespec_to_gdate
gdate_to_timespec
gdate_to_time64
gnc_dmy2time64
gnc_dmy2time64_neutral
gnc_dmy2time64_end
gnc_dmy2timespec
gnc_dmy2timespec_end
gnc_dmy2timespec_neutral
gnc_iso8601_to_time64_gmt
gnc_timespec_to_iso8601_buff
gnc_time64_to_iso8601_buff
gnc_timespec2dmy
qof_date_format_get
qof_date_format_set
qof_date_format_get_string
qof_date_text_format_get_string
qof_date_completion_set
dateSeparator
qof_strftime
qof_print_date_dmy_buff
qof_print_date_buff
qof_print_gdate
qof_print_date
gnc_print_date
qof_scan_date
gnc_tm_set_day_start
gnc_tm_set_day_middle
gnc_tm_set_day_end
gnc_time64_get_day_start
gnc_time64_get_day_end
gnc_date_get_last_mday
gnc_tm_get_today_start
gnc_tm_get_today_end
gnc_time64_get_today_start
gnc_time64_get_today_end
gnc_date_timestamp
MIN_BUF_LEN
gnc_dow_abbrev
gnc_gdate_equal
gnc_gdate_hash
gnc_time64_get_day_start_gdate
gnc_time64_get_day_end_gdate
gnc_gdate_set_month_start
gnc_gdate_set_month_end
gnc_gdate_set_prev_month_start
gnc_gdate_set_prev_month_end
gnc_gdate_set_quarter_start
gnc_gdate_set_quarter_end
gnc_gdate_set_prev_quarter_start
gnc_gdate_set_prev_quarter_end
gnc_gdate_set_year_start
gnc_gdate_set_year_end
gnc_gdate_set_prev_year_start
gnc_gdate_set_prev_year_end
gnc_gdate_set_fiscal_year_start
gnc_gdate_set_fiscal_year_end
gnc_gdate_set_prev_fiscal_year_start
gnc_gdate_set_prev_fiscal_year_end
guid_new_return
qof_query_create_for_splits
qof_query_run
qof_query_last_run
qof_query_run_subquery
gnc_get_current_session
gnc_clear_current_session
gnc_set_current_session
gnc_current_session_exist
QUERY_TXN_MATCH_ALL
QUERY_TXN_MATCH_ANY
xaccQueryGetSplitsUniqueTrans
xaccQueryGetTransactions
xaccQueryGetLots
xaccQueryAddAccountMatch
xaccQueryAddAccountGUIDMatch
xaccQueryAddSingleAccountMatch
xaccQueryAddStringMatch
xaccQueryAddDescriptionMatch
xaccQueryAddNotesMatch
xaccQueryAddNumberMatch
xaccQueryAddActionMatch
xaccQueryAddMemoMatch
xaccQueryAddValueMatch
xaccQueryAddSharePriceMatch
xaccQueryAddSharesMatch
xaccQueryAddBalanceMatch
xaccQueryAddNumericMatch
xaccQueryAddDateMatch
xaccQueryAddDateMatchTT
xaccQueryGetDateMatchTT
xaccQueryAddClosingTransMatch
CLEARED_NONE
CLEARED_NO
CLEARED_CLEARED
CLEARED_RECONCILED
CLEARED_FROZEN
CLEARED_VOIDED
CLEARED_ALL
xaccQueryAddClearedMatch
xaccQueryAddGUIDMatch
xaccQueryGetEarliestDateFound
xaccQueryGetLatestDateFound
QOF_MOD_QUERY
QOF_QUERY_AND
QOF_QUERY_OR
QOF_QUERY_NAND
QOF_QUERY_NOR
QOF_QUERY_XOR
QUERY_DEFAULT_SORT
QOF_PARAM_BOOK
QOF_PARAM_GUID
QOF_PARAM_KVP
QOF_PARAM_ACTIVE
QOF_PARAM_VERSION
qof_query_init
qof_query_shutdown
qof_query_build_param_list
qof_query_create
qof_query_create_for
qof_query_destroy
qof_query_search_for
qof_query_set_book
qof_query_add_term
qof_query_add_guid_match
qof_query_add_guid_list_match
qof_query_add_boolean_match
qof_query_clear
qof_query_purge_terms
qof_query_has_terms
qof_query_num_terms
qof_query_has_term_type
qof_query_get_term_type
qof_query_copy
qof_query_invert
qof_query_merge
qof_query_merge_in_place
qof_query_set_sort_order
qof_query_set_sort_options
qof_query_set_sort_increasing
qof_query_set_max_results
qof_query_equal
qof_query_print
qof_query_get_search_for
qof_query_get_books
QOF_COMPARE_LT
QOF_COMPARE_LTE
QOF_COMPARE_EQUAL
QOF_COMPARE_GT
QOF_COMPARE_GTE
QOF_COMPARE_NEQ
QOF_COMPARE_CONTAINS
QOF_COMPARE_NCONTAINS
QOF_STRING_MATCH_NORMAL
QOF_STRING_MATCH_CASEINSENSITIVE
QOF_DATE_MATCH_NORMAL
QOF_DATE_MATCH_DAY
QOF_NUMERIC_MATCH_DEBIT
QOF_NUMERIC_MATCH_CREDIT
QOF_NUMERIC_MATCH_ANY
QOF_GUID_MATCH_ANY
QOF_GUID_MATCH_NONE
QOF_GUID_MATCH_NULL
QOF_GUID_MATCH_ALL
QOF_GUID_MATCH_LIST_ANY
QOF_CHAR_MATCH_ANY
QOF_CHAR_MATCH_NONE
_QofQueryPredData
_QofQueryPredData_swigregister
cvar
qof_query_string_predicate
qof_query_date_predicate
qof_query_numeric_predicate
qof_query_guid_predicate
qof_query_int32_predicate
qof_query_int64_predicate
qof_query_double_predicate
qof_query_boolean_predicate
qof_query_char_predicate
qof_query_collect_predicate
qof_query_choice_predicate
qof_query_core_predicate_copy
qof_query_core_predicate_free
qof_query_date_predicate_get_date
qof_query_core_to_string
qof_string_number_compare_func
KVP_OPTION_PATH
OPTION_SECTION_ACCOUNTS
OPTION_NAME_TRADING_ACCOUNTS
OPTION_NAME_CURRENCY_ACCOUNTING
OPTION_NAME_BOOK_CURRENCY
OPTION_NAME_DEFAULT_GAINS_POLICY
OPTION_NAME_DEFAULT_GAINS_LOSS_ACCT_GUID
OPTION_NAME_AUTO_READONLY_DAYS
OPTION_NAME_NUM_FIELD_SOURCE
OPTION_SECTION_BUDGETING
OPTION_NAME_DEFAULT_BUDGET
qof_book_use_trading_accounts
qof_book_get_book_currency_name
qof_book_get_default_gains_policy
qof_book_get_default_gain_loss_acct_guid
qof_book_uses_autoreadonly
qof_book_get_num_days_autoreadonly
qof_book_get_autoreadonly_gdate
qof_book_use_split_action_for_num_field
qof_book_shutting_down
qof_book_session_not_saved
_gnc_numeric
_gnc_numeric_swigregister
GNC_NUMERIC_RND_MASK
GNC_NUMERIC_DENOM_MASK
GNC_NUMERIC_SIGFIGS_MASK
GNC_HOW_RND_FLOOR
GNC_HOW_RND_CEIL
GNC_HOW_RND_TRUNC
GNC_HOW_RND_PROMOTE
GNC_HOW_RND_ROUND_HALF_DOWN
GNC_HOW_RND_ROUND_HALF_UP
GNC_HOW_RND_ROUND
GNC_HOW_RND_NEVER
GNC_HOW_DENOM_EXACT
GNC_HOW_DENOM_REDUCE
GNC_HOW_DENOM_LCD
GNC_HOW_DENOM_FIXED
GNC_HOW_DENOM_SIGFIG
gnc_numeric_create
gnc_numeric_zero
double_to_gnc_numeric
string_to_gnc_numeric
gnc_numeric_error
gnc_numeric_errorCode_to_string
gnc_numeric_num
gnc_numeric_denom
gnc_numeric_to_double
gnc_numeric_to_string
gnc_num_dbg_to_string
gnc_numeric_check
gnc_numeric_compare
gnc_numeric_zero_p
gnc_numeric_negative_p
gnc_numeric_positive_p
gnc_numeric_eq
gnc_numeric_equal
gnc_numeric_same
gnc_numeric_add
gnc_numeric_sub
gnc_numeric_mul
gnc_numeric_div
gnc_numeric_neg
gnc_numeric_abs
gnc_numeric_add_fixed
gnc_numeric_sub_fixed
gnc_numeric_convert
gnc_numeric_reduce
gnc_numeric_to_decimal
gnc_numeric_invert
gnc_numeric_get_type
gnc_budget_get_type
GNC_BUDGET_MAX_NUM_PERIODS_DIGITS
gnc_budget_register
gnc_budget_new
gnc_budget_destroy
gnc_budget_begin_edit
gnc_budget_commit_edit
gnc_budget_clone
gnc_budget_get_guid
gnc_budget_set_name
gnc_budget_get_name
gnc_budget_set_description
gnc_budget_get_description
gnc_budget_set_num_periods
gnc_budget_get_num_periods
gnc_budget_set_recurrence
gnc_budget_get_recurrence
gnc_budget_get_period_start_date
gnc_budget_get_period_end_date
gnc_budget_set_account_period_value
gnc_budget_unset_account_period_value
gnc_budget_is_account_period_value_set
gnc_budget_get_account_period_value
gnc_budget_get_account_period_actual_value
gnc_budget_get_default
gnc_budget_lookup
gnc_quote_source_set_fq_installed
gnc_commodity_get_type
gnc_commodity_namespace_get_type
GNC_COMMODITY_TABLE
GNC_COMMODITY_NS_LEGACY
GNC_COMMODITY_NS_TEMPLATE
GNC_COMMODITY_NS_ISO
GNC_COMMODITY_NS_CURRENCY
GNC_COMMODITY_NS_NASDAQ
GNC_COMMODITY_NS_NYSE
GNC_COMMODITY_NS_EUREX
GNC_COMMODITY_NS_MUTUAL
GNC_COMMODITY_NS_AMEX
GNC_COMMODITY_NS_ASX
GNC_COMMODITY_NS_ISO_GUI
SOURCE_SINGLE
SOURCE_MULTI
SOURCE_UNKNOWN
SOURCE_MAX
SOURCE_CURRENCY
gnc_quote_source_fq_installed
gnc_quote_source_fq_version
gnc_quote_source_num_entries
gnc_quote_source_add_new
gnc_quote_source_lookup_by_internal
gnc_quote_source_lookup_by_ti
gnc_quote_source_get_supported
gnc_quote_source_get_type
gnc_quote_source_get_index
gnc_quote_source_get_user_name
gnc_quote_source_get_internal_name
gnc_commodity_new
gnc_commodity_destroy
gnc_commodity_copy
gnc_commodity_clone
gnc_commodity_get_mnemonic
gnc_commodity_get_namespace
gnc_commodity_get_namespace_ds
gnc_commodity_get_fullname
gnc_commodity_get_printname
gnc_commodity_get_cusip
gnc_commodity_get_unique_name
gnc_commodity_get_fraction
gnc_commodity_get_quote_flag
gnc_commodity_get_quote_source
gnc_commodity_get_default_quote_source
gnc_commodity_get_quote_tz
gnc_commodity_get_user_symbol
gnc_commodity_get_default_symbol
gnc_commodity_get_nice_symbol
gnc_commodity_set_mnemonic
gnc_commodity_set_namespace
gnc_commodity_set_fullname
gnc_commodity_set_cusip
gnc_commodity_set_fraction
gnc_commodity_user_set_quote_flag
gnc_commodity_set_quote_flag
gnc_commodity_set_quote_source
gnc_commodity_set_quote_tz
gnc_commodity_set_user_symbol
gnc_commodity_increment_usage_count
gnc_commodity_decrement_usage_count
gnc_commodity_equiv
gnc_commodity_equal
gnc_commodity_compare
gnc_commodity_compare_void
gnc_commodity_namespace_is_iso
gnc_commodity_is_iso
gnc_commodity_is_currency
gnc_commodity_table_get_table
gnc_commodity_table_lookup
gnc_commodity_table_lookup_unique
gnc_commodity_table_find_full
gnc_commodity_find_commodity_by_guid
gnc_commodity_table_insert
gnc_commodity_table_remove
gnc_commodity_table_add_default_data
gnc_commodity_namespace_get_name
gnc_commodity_namespace_get_gui_name
gnc_commodity_namespace_get_commodity_list
gnc_commodity_table_has_namespace
gnc_commodity_table_get_namespaces
gnc_commodity_table_get_namespaces_list
gnc_commodity_table_add_namespace
gnc_commodity_table_find_namespace
gnc_commodity_table_delete_namespace
gnc_commodity_table_get_size
gnc_commodity_table_get_commodities
gnc_commodity_table_foreach_commodity
gnc_commodity_table_new
gnc_commodity_table_destroy
gnc_commodity_obtain_twin
gnc_commodity_table_register
gnc_commodity_begin_edit
gnc_commodity_commit_edit
_gnc_monetary
_gnc_monetary_swigregister
gnc_monetary_create
gnc_monetary_commodity
gnc_monetary_value
gnc_monetary_list_add_monetary
gnc_monetary_list_add_value
gnc_monetary_list_delete_zeros
gnc_monetary_list_free
gnc_hook_run
gnc_hook_create
gnc_hook_add_dangler
gnc_hook_remove_dangler
gnc_hooks_init
HOOK_STARTUP
HOOK_SHUTDOWN
HOOK_UI_STARTUP
HOOK_UI_POST_STARTUP
HOOK_UI_SHUTDOWN
HOOK_NEW_BOOK
HOOK_REPORT
HOOK_CURRENCY_CHANGED
HOOK_SAVE_OPTIONS
HOOK_ADD_EXTENSION
HOOK_BOOK_OPENED
HOOK_BOOK_CLOSED
HOOK_BOOK_SAVED
gnc_book_get_template_root
qof_book_options_delete
qof_book_set_option
qof_book_get_option
qof_book_get_string_option
qof_book_set_string_option
gncTaxTableReturnGUID
gncInvoiceReturnGUID
gncJobReturnGUID
gncVendorReturnGUID
gncCustomerReturnGUID
gncEmployeeReturnGUID
gncTaxTableLookupFlip
gncInvoiceLookupFlip
gncJobLookupFlip
gncVendorLookupFlip
gncCustomerLookupFlip
gncEmployeeLookupFlip
GNC_ADDRESS_MODULE_NAME
GNC_ID_ADDRESS
gnc_address_get_type
gncAddressCreate
gncAddressDestroy
gncAddressBeginEdit
gncAddressCommitEdit
gncAddressSetName
gncAddressSetAddr1
gncAddressSetAddr2
gncAddressSetAddr3
gncAddressSetAddr4
gncAddressSetPhone
gncAddressSetFax
gncAddressSetEmail
gncAddressClearDirty
gncAddressGetName
gncAddressGetAddr1
gncAddressGetAddr2
gncAddressGetAddr3
gncAddressGetAddr4
gncAddressGetPhone
gncAddressGetFax
gncAddressGetEmail
gncAddressIsDirty
gncAddressCompare
gncAddressEqual
ADDRESS_NAME
ADDRESS_ONE
ADDRESS_TWO
ADDRESS_THREE
ADDRESS_FOUR
ADDRESS_PHONE
ADDRESS_FAX
ADDRESS_EMAIL
ADDRESS_OWNER
GNC_ID_BILLTERM
gnc_billterm_get_type
GNC_BILLTERM_NAME
GNC_BILLTERM_DESC
GNC_BILLTERM_DUEDAYS
GNC_BILLTERM_DISCDAYS
GNC_BILLTERM_CUTOFF
GNC_BILLTERM_TYPE
GNC_BILLTERM_DISCOUNT
GNC_BILLTERM_REFCOUNT
GNC_TERM_TYPE_DAYS
GNC_TERM_TYPE_PROXIMO
gncBillTermCreate
gncBillTermDestroy
gncBillTermIncRef
gncBillTermDecRef
gncBillTermChanged
gncBillTermBeginEdit
gncBillTermCommitEdit
gncBillTermSetName
gncBillTermSetDescription
gncBillTermSetType
gncBillTermSetDueDays
gncBillTermSetDiscountDays
gncBillTermSetDiscount
gncBillTermSetCutoff
gncBillTermLookup
gncBillTermLookupByName
gncBillTermGetTerms
gncBillTermGetName
gncBillTermGetDescription
gncBillTermGetType
gncBillTermGetDueDays
gncBillTermGetDiscountDays
gncBillTermGetDiscount
gncBillTermGetCutoff
gncBillTermIsDirty
gncBillTermGetParent
gncBillTermReturnChild
gncBillTermGetRefcount
gncBillTermCompare
gncBillTermEqual
gncBillTermIsFamily
gncBillTermComputeDueDate
OWNER_EXPORT_PDF_DIRNAME
LAST_POSTED_TO_ACCT
GNC_PAYMENT
GNC_LAST_ACCOUNT
GNC_BILLTERM_MODULE_NAME
gncBusinessGetList
gncBusinessGetOwnerList
gncBusinessIsPaymentAcctType
GNC_ID_CUSTOMER
gnc_customer_get_type
gncCustomerCreate
gncCustomerDestroy
gncCustomerBeginEdit
gncCustomerCommitEdit
gncCustomerSetID
gncCustomerSetName
gncCustomerSetNotes
gncCustomerSetTerms
gncCustomerSetTaxIncluded
gncCustomerSetActive
gncCustomerSetDiscount
gncCustomerSetCredit
gncCustomerSetCurrency
gncCustomerSetTaxTableOverride
gncCustomerSetTaxTable
gncCustomerAddJob
gncCustomerRemoveJob
gncCustomerLookup
gncCustomerGetID
gncCustomerGetName
gncCustomerGetAddr
gncCustomerGetShipAddr
gncCustomerGetNotes
gncCustomerGetTerms
gncCustomerGetTaxIncluded
gncCustomerGetActive
gncCustomerGetDiscount
gncCustomerGetCredit
gncCustomerGetCurrency
gncCustomerGetTaxTableOverride
gncCustomerGetTaxTable
gncCustomerCompare
CUSTOMER_ID
CUSTOMER_NAME
CUSTOMER_ADDR
CUSTOMER_SHIPADDR
CUSTOMER_NOTES
CUSTOMER_DISCOUNT
CUSTOMER_CREDIT
CUSTOMER_TT_OVER
CUSTOMER_TAX_INC
CUSTOMER_TERMS
CUSTOMER_ACTIVE
CUSTOMER_SLOTS
gncCustomerEqual
gncCustomerGetJoblist
gncCustomerIsDirty
GNC_ID_EMPLOYEE
gnc_employee_get_type
gncEmployeeCreate
gncEmployeeDestroy
gncEmployeeBeginEdit
gncEmployeeCommitEdit
gncEmployeeCompare
gncEmployeeSetID
gncEmployeeSetUsername
gncEmployeeSetName
gncEmployeeSetLanguage
gncEmployeeSetAcl
gncEmployeeSetWorkday
gncEmployeeSetRate
gncEmployeeSetCurrency
gncEmployeeSetActive
gncEmployeeSetCCard
qofEmployeeSetAddr
gncEmployeeGetBook
gncEmployeeGetID
gncEmployeeGetUsername
gncEmployeeGetName
gncEmployeeGetAddr
gncEmployeeGetLanguage
gncEmployeeGetAcl
gncEmployeeGetWorkday
gncEmployeeGetRate
gncEmployeeGetCurrency
gncEmployeeGetActive
gncEmployeeGetCCard
gncEmployeeLookup
EMPLOYEE_ID
EMPLOYEE_USERNAME
EMPLOYEE_NAME
EMPLOYEE_ADDR
EMPLOYEE_LANGUAGE
EMPLOYEE_ACL
EMPLOYEE_WORKDAY
EMPLOYEE_RATE
EMPLOYEE_CC
gncEmployeeEqual
gncEmployeeIsDirty
GNC_PAYMENT_CASH
GNC_PAYMENT_CARD
GNC_DISC_PRETAX
GNC_DISC_SAMETIME
GNC_DISC_POSTTAX
GNC_ID_ENTRY
gnc_entry_get_type
gncEntryDiscountHowToString
gncEntryDiscountStringToHow
gncEntryPaymentTypeToString
gncEntryPaymentStringToType
gncEntryCreate
gncEntryDestroy
gncEntrySetDateGDate
gncEntrySetDate
gncEntrySetDateEntered
gncEntrySetDescription
gncEntrySetAction
gncEntrySetNotes
gncEntrySetQuantity
gncEntrySetDocQuantity
gncEntrySetInvAccount
gncEntrySetInvPrice
gncEntrySetInvTaxable
gncEntrySetInvTaxIncluded
gncEntrySetInvTaxTable
gncEntrySetInvDiscount
gncEntrySetInvDiscountType
gncEntrySetInvDiscountHow
qofEntrySetInvDiscType
qofEntrySetInvDiscHow
gncEntrySetBillAccount
gncEntrySetBillPrice
gncEntrySetBillTaxable
gncEntrySetBillTaxIncluded
gncEntrySetBillTaxTable
gncEntrySetBillable
gncEntrySetBillTo
gncEntrySetBillPayment
gncEntryGetDateGDate
gncEntryGetDate
gncEntryGetDateEntered
gncEntryGetDescription
gncEntryGetAction
gncEntryGetNotes
gncEntryGetQuantity
gncEntryGetDocQuantity
gncEntryGetInvAccount
gncEntryGetInvPrice
gncEntryGetPrice
gncEntryGetInvDiscount
gncEntryGetInvDiscountType
gncEntryGetInvDiscountHow
qofEntryGetInvDiscType
qofEntryGetInvDiscHow
gncEntryGetInvTaxable
gncEntryGetInvTaxIncluded
gncEntryGetInvTaxTable
gncEntryGetBillAccount
gncEntryGetBillPrice
gncEntryGetBillTaxable
gncEntryGetBillTaxIncluded
gncEntryGetBillTaxTable
gncEntryGetBillable
gncEntryGetBillTo
gncEntryGetBillPayment
gncEntryCopy
gncEntryGetDocValue
gncEntryGetDocTaxValue
gncEntryGetDocTaxValues
gncEntryGetDocDiscountValue
gncEntryGetBalValue
gncEntryGetBalTaxValue
gncEntryGetBalTaxValues
gncEntryGetBalDiscountValue
gncEntryComputeValue
gncEntryGetOrder
gncEntryGetInvoice
gncEntryGetBill
gncEntryLookup
gncEntryIsOpen
gncEntryBeginEdit
gncEntryCommitEdit
gncEntryCompare
ENTRY_DATE
ENTRY_DATE_ENTERED
ENTRY_DESC
ENTRY_ACTION
ENTRY_NOTES
ENTRY_QTY
ENTRY_IPRICE
ENTRY_IACCT
ENTRY_BACCT
ENTRY_BPRICE
ENTRY_BILLABLE
ENTRY_BILLTO
ENTRY_ORDER
ENTRY_INVOICE
ENTRY_BILL
ENTRY_INV_DISC_TYPE
ENTRY_INV_DISC_HOW
ENTRY_INV_TAXABLE
ENTRY_BILL_TAXABLE
ENTRY_INV_TAX_INC
ENTRY_BILL_TAX_INC
ENTRY_INV_DISCOUNT
ENTRY_BILL_PAY_TYPE
GNC_ID_INVOICE
GNC_INVOICE_UNDEFINED
GNC_INVOICE_CUST_INVOICE
GNC_INVOICE_VEND_INVOICE
GNC_INVOICE_EMPL_INVOICE
GNC_INVOICE_CUST_CREDIT_NOTE
GNC_INVOICE_VEND_CREDIT_NOTE
GNC_INVOICE_EMPL_CREDIT_NOTE
GNC_INVOICE_NUM_TYPES
gnc_invoice_get_type
gncInvoiceCreate
gncInvoiceDestroy
gncInvoiceCopy
gncInvoiceSetID
gncInvoiceSetOwner
gncInvoiceSetDateOpenedGDate
gncInvoiceSetDateOpened
gncInvoiceSetDatePosted
gncInvoiceSetTerms
gncInvoiceSetBillingID
gncInvoiceSetNotes
gncInvoiceSetCurrency
gncInvoiceSetActive
gncInvoiceSetIsCreditNote
gncInvoiceSetBillTo
gncInvoiceSetToChargeAmount
gncInvoiceAddEntry
gncInvoiceRemoveEntry
gncInvoiceAddPrice
gncBillAddEntry
gncBillRemoveEntry
gncInvoiceSortEntries
gncInvoiceRemoveEntries
gncInvoiceGetID
gncInvoiceGetOwner
gncInvoiceGetDateOpened
gncInvoiceGetDatePosted
gncInvoiceGetDateDue
gncInvoiceGetTerms
gncInvoiceGetBillingID
gncInvoiceGetNotes
gncInvoiceGetOwnerType
gncInvoiceGetTypeListForOwnerType
gncInvoiceGetType
gncInvoiceGetTypeString
gncInvoiceGetCurrency
gncInvoiceGetBillTo
gncInvoiceGetToChargeAmount
gncInvoiceGetActive
gncInvoiceGetIsCreditNote
gncInvoiceGetPostedLot
gncInvoiceGetPostedTxn
gncInvoiceGetPostedAcc
gncInvoiceGetTotal
gncInvoiceGetTotalOf
gncInvoiceGetTotalSubtotal
gncInvoiceGetTotalTax
gncInvoiceGetTotalTaxList
gncInvoiceGetEntries
gncInvoiceGetPrice
gncInvoiceAmountPositive
gncInvoiceGetForeignCurrencies
gncInvoicePostToAccount
gncInvoiceUnpost
gncInvoiceAutoApplyPayments
gncInvoiceApplyPayment
gncInvoiceGetInvoiceFromTxn
gncInvoiceGetInvoiceFromLot
gncInvoiceLookup
gncInvoiceBeginEdit
gncInvoiceCommitEdit
gncInvoiceCompare
gncInvoiceIsPosted
gncInvoiceIsPaid
INVOICE_ID
INVOICE_OWNER
INVOICE_OPENED
INVOICE_POSTED
INVOICE_DUE
INVOICE_IS_POSTED
INVOICE_IS_PAID
INVOICE_TERMS
INVOICE_BILLINGID
INVOICE_NOTES
INVOICE_ACC
INVOICE_POST_TXN
INVOICE_POST_LOT
INVOICE_IS_CN
INVOICE_TYPE
INVOICE_TYPE_STRING
INVOICE_BILLTO
INVOICE_ENTRIES
INVOICE_JOB
INVOICE_FROM_LOT
INVOICE_FROM_TXN
gncInvoiceGetBook
gncInvoiceEqual
GNC_ID_JOB
gnc_job_get_type
gncJobCreate
gncJobDestroy
gncJobSetID
gncJobSetName
gncJobSetReference
gncJobSetRate
gncJobSetOwner
gncJobSetActive
gncJobBeginEdit
gncJobCommitEdit
gncJobGetID
gncJobGetName
gncJobGetReference
gncJobGetRate
gncJobGetOwner
gncJobGetActive
gncJobLookup
gncJobCompare
gncJobEqual
JOB_ID
JOB_NAME
JOB_REFERENCE
JOB_RATE
JOB_OWNER
Q_JOB_OWNER
JOB_ACTIVE
GNC_ID_ORDER
gnc_order_get_type
gncOrderCreate
gncOrderDestroy
gncOrderSetID
gncOrderSetOwner
gncOrderSetDateOpened
gncOrderSetDateClosed
gncOrderSetNotes
gncOrderSetReference
gncOrderSetActive
gncOrderAddEntry
gncOrderRemoveEntry
gncOrderGetID
gncOrderGetOwner
gncOrderGetDateOpened
gncOrderGetDateClosed
gncOrderGetNotes
gncOrderGetReference
gncOrderGetActive
gncOrderGetEntries
gncOrderBeginEdit
gncOrderCommitEdit
gncOrderCompare
gncOrderIsClosed
gncOrderLookup
ORDER_ID
ORDER_REFERENCE
ORDER_OWNER
ORDER_OPENED
ORDER_CLOSED
ORDER_IS_CLOSED
ORDER_NOTES
GNC_ID_OWNER
GNC_OWNER_NONE
GNC_OWNER_UNDEFINED
GNC_OWNER_CUSTOMER
GNC_OWNER_JOB
GNC_OWNER_VENDOR
GNC_OWNER_EMPLOYEE
qofOwnerGetType
qofOwnerGetOwner
qofOwnerSetEntity
GNC_IS_OWNER
gncOwnerTypeToQofIdType
gncOwnerRegister
gncOwnerInitUndefined
gncOwnerInitCustomer
gncOwnerInitJob
gncOwnerInitVendor
gncOwnerInitEmployee
gncOwnerGetType
gncOwnerIsValid
gncOwnerGetUndefined
gncOwnerGetCustomer
gncOwnerGetJob
gncOwnerGetVendor
gncOwnerGetEmployee
gncOwnerGetID
gncOwnerGetName
gncOwnerGetAddr
gncOwnerGetActive
gncOwnerGetCurrency
gncOwnerSetActive
gncOwnerCopy
gncOwnerEqual
gncOwnerGCompareFunc
gncOwnerCompare
gncOwnerGetGUID
gncOwnerReturnGUID
gncOwnerGetEndOwner
gncOwnerGetEndGUID
gncOwnerAttachToLot
gncOwnerLotMatchOwnerFunc
gncOwnerLotsSortFunc
gncOwnerGetOwnerFromLot
gncOwnerGetOwnerFromTxn
gncOwnerGetOwnerFromTypeGuid
gncOwnerCreatePaymentLot
gncOwnerAutoApplyPaymentsWithLots
gncOwnerApplyPayment
gncOwnerFindOffsettingSplit
gncOwnerReduceSplitTo
gncOwnerSetLotLinkMemo
gncOwnerGetAccountTypesList
gncOwnerGetCommoditiesList
gncOwnerGetBalanceInCurrency
OWNER_TYPE
OWNER_TYPE_STRING
OWNER_CUSTOMER
OWNER_JOB
OWNER_VENDOR
OWNER_EMPLOYEE
OWNER_PARENT
OWNER_PARENTG
OWNER_NAME
OWNER_FROM_LOT
gncOwnerNew
gncOwnerFree
gncOwnerBeginEdit
gncOwnerCommitEdit
gncOwnerDestroy
GNC_ID_TAXTABLE
gnc_taxtable_get_type
GNC_AMT_TYPE_VALUE
GNC_AMT_TYPE_PERCENT
GNC_TAXINCLUDED_YES
GNC_TAXINCLUDED_NO
GNC_TAXINCLUDED_USEGLOBAL
gncAmountTypeToString
gncAmountStringToType
gncTaxIncludedTypeToString
gncTaxIncludedStringToType
gncTaxTableCreate
gncTaxTableDestroy
gncTaxTableEntryCreate
gncTaxTableEntryDestroy
gncTaxTableSetName
gncTaxTableIncRef
gncTaxTableDecRef
gncTaxTableEntrySetAccount
gncTaxTableEntrySetType
gncTaxTableEntrySetAmount
gncTaxTableAddEntry
gncTaxTableRemoveEntry
gncTaxTableChanged
gncTaxTableBeginEdit
gncTaxTableCommitEdit
gncTaxTableEqual
gncTaxTableLookup
gncTaxTableLookupByName
gncTaxTableGetTables
gncTaxTableGetName
gncTaxTableGetParent
gncTaxTableReturnChild
gncTaxTableGetEntries
gncTaxTableGetRefcount
gncTaxTableLastModified
gncTaxTableEntryGetAccount
gncTaxTableEntryGetType
gncTaxTableEntryGetAmount
gncTaxTableCompare
gncTaxTableEntryCompare
gncTaxTableEntryEqual
_gncAccountValue
_gncAccountValue_swigregister
gncAccountValueAdd
gncAccountValueAddList
gncAccountValueTotal
gncAccountValueDestroy
GNC_TT_NAME
GNC_TT_REFCOUNT
GNC_ID_VENDOR
gnc_vendor_get_type
gncVendorCreate
gncVendorDestroy
gncVendorSetID
gncVendorSetName
gncVendorSetNotes
gncVendorSetTerms
gncVendorSetTaxIncluded
gncVendorSetCurrency
gncVendorSetActive
gncVendorSetTaxTableOverride
gncVendorSetTaxTable
gncVendorAddJob
gncVendorRemoveJob
gncVendorBeginEdit
gncVendorCommitEdit
gncVendorGetID
gncVendorGetName
gncVendorGetAddr
gncVendorGetNotes
gncVendorGetTerms
gncVendorGetTaxIncluded
gncVendorGetCurrency
gncVendorGetActive
gncVendorGetTaxTableOverride
gncVendorGetTaxTable
gncVendorCompare
gncVendorLookup
VENDOR_ID
VENDOR_NAME
VENDOR_ADDR
VENDOR_NOTES
VENDOR_TERMS
VENDOR_TAX_INC
VENDOR_ACTIVE
VENDOR_TAX_OVERRIDE
VENDOR_TAX_TABLE
gncVendorEqual
gncVendorIsDirty
URL_TYPE_CUSTOMER
URL_TYPE_VENDOR
URL_TYPE_EMPLOYEE
URL_TYPE_JOB
URL_TYPE_INVOICE
URL_TYPE_OWNERREPORT
qof_query_create_for_invoices
qof_query_run_for_invoices
