__name__
__doc__
__package__
__loader__
__spec__
__file__
__cached__
__builtins__
_sw_gnc_module
_swig_property
__builtin__
_swig_setattr_nondynamic
_swig_setattr
_swig_getattr
_swig_repr
_object
_newclass
sw_engine
gnc_module_system_init
gnc_module_system_refresh
gnc_module_system_modinfo
gnc_module_load
gnc_module_load_optional
gnc_module_unload

__name__
__doc__
__package__
__loader__
__spec__
__file__
__cached__
__builtins__
_sw_gnc_module
_swig_property
__builtin__
_swig_setattr_nondynamic
_swig_setattr
_swig_getattr
_swig_repr
_object
_newclass
sw_engine
gnc_module_system_init
gnc_module_system_refresh
gnc_module_system_modinfo
gnc_module_load
gnc_module_load_optional
gnc_module_unload
