__name__
__doc__
__package__
__loader__
__spec__
__file__
__cached__
__builtins__
_sw_gnome_utils
_swig_property
__builtin__
_swig_setattr_nondynamic
_swig_setattr
_swig_getattr
_swig_repr
_object
_newclass
gnc_options_dialog_new
gnc_options_dialog_destroy
gnc_options_dialog_build_contents
gnc_option_get_gtk_widget
gnc_options_dialog_new_modal
gnc_options_dialog_new_w_dialog
gnc_options_register_stocks
gnc_options_dialog_widget
gnc_options_page_list
gnc_options_dialog_notebook
gnc_options_dialog_changed
gnc_option_changed_widget_cb
gnc_option_changed_option_cb
gnc_options_dialog_set_apply_cb
gnc_options_dialog_set_help_cb
gnc_options_dialog_set_close_cb
gnc_options_dialog_set_global_help_cb
gnc_options_dialog_build_contents_full
gnc_options_dialog_set_scm_callbacks
GNCOptionDef_t
GNCOptionDef_t_swigregister
gnc_options_ui_initialize
gnc_options_ui_register_option
gnc_options_ui_get_option
PLUGIN_PAGE_IMMUTABLE
GncMainWindow
GncMainWindow_swigregister
GncMainWindowClass
GncMainWindowClass_swigregister
GncMainWindowActionData
GncMainWindowActionData_swigregister
gnc_main_window_get_type
gnc_main_window_new
gnc_main_window_display_page
gnc_main_window_open_page
gnc_main_window_close_page
gnc_main_window_foreach_page
gnc_main_window_get_current_page
gnc_main_window_get_uimanager
main_window_update_page_name
main_window_update_page_color
gnc_main_window_manual_merge_actions
gnc_main_window_merge_actions
gnc_main_window_unmerge_actions
gnc_main_window_actions_updated
gnc_main_window_get_action_group
gnc_main_window_set_progressbar_window
gnc_main_window_button_press_cb
gnc_main_window_popup_menu_cb
gnc_main_window_restore_all_windows
gnc_main_window_save_all_windows
gnc_main_window_restore_default_state
gnc_gtk_action_group_set_translation_domain
gnc_main_window_finish_pending
gnc_main_window_all_finish_pending
gnc_main_window_all_action_set_sensitive
gnc_main_window_find_action
gnc_main_window_show_all_windows
gnc_book_options_dialog_cb
gnc_book_options_dialog_apply_helper
GNC_PLUGIN_NAME
GncPlugin
GncPlugin_swigregister
GncPluginClass
GncPluginClass_swigregister
gnc_plugin_get_type
gnc_plugin_add_to_window
gnc_plugin_remove_from_window
gnc_plugin_get_name
action_toolbar_labels
action_toolbar_labels_swigregister
gnc_plugin_init_short_names
gnc_plugin_set_important_actions
gnc_plugin_update_actions
gnc_plugin_add_actions
GNC_PREF_SUMMARYBAR_POSITION_TOP
GNC_PREF_SUMMARYBAR_POSITION_BOTTOM
GncPluginPage
GncPluginPage_swigregister
GncPluginPageClass
GncPluginPageClass_swigregister
gnc_plugin_page_get_type
gnc_plugin_page_create_widget
gnc_plugin_page_destroy_widget
gnc_plugin_page_show_summarybar
gnc_plugin_page_save_page
gnc_plugin_page_recreate_page
gnc_plugin_page_merge_actions
gnc_plugin_page_unmerge_actions
gnc_plugin_page_get_plugin_name
gnc_plugin_page_add_book
gnc_plugin_page_has_book
gnc_plugin_page_has_books
gnc_plugin_page_get_window
gnc_plugin_page_get_page_name
gnc_plugin_page_set_page_name
gnc_plugin_page_get_page_long_name
gnc_plugin_page_set_page_long_name
gnc_plugin_page_get_page_color
gnc_plugin_page_set_page_color
gnc_plugin_page_get_uri
gnc_plugin_page_set_uri
gnc_plugin_page_get_statusbar_text
gnc_plugin_page_set_statusbar_text
gnc_plugin_page_get_use_new_window
gnc_plugin_page_set_use_new_window
gnc_plugin_page_get_ui_description
gnc_plugin_page_set_ui_description
gnc_plugin_page_get_ui_merge
gnc_plugin_page_get_action_group
gnc_plugin_page_create_action_group
gnc_plugin_page_get_action
gnc_plugin_page_inserted
gnc_plugin_page_removed
gnc_plugin_page_selected
gnc_plugin_page_unselected
gnc_plugin_page_finish_pending
sw_engine
GncPluginManager
GncPluginManager_swigregister
GncPluginManagerClass
GncPluginManagerClass_swigregister
gnc_plugin_manager_get_type
gnc_plugin_manager_get
gnc_plugin_manager_add_plugin
gnc_plugin_manager_remove_plugin
gnc_plugin_manager_get_plugins
gnc_plugin_manager_get_plugin

__name__
__doc__
__package__
__loader__
__spec__
__file__
__cached__
__builtins__
_sw_gnome_utils
_swig_property
__builtin__
_swig_setattr_nondynamic
_swig_setattr
_swig_getattr
_swig_repr
_object
_newclass
gnc_options_dialog_new
gnc_options_dialog_destroy
gnc_options_dialog_build_contents
gnc_option_get_gtk_widget
gnc_options_dialog_new_modal
gnc_options_dialog_new_w_dialog
gnc_options_register_stocks
gnc_options_dialog_widget
gnc_options_page_list
gnc_options_dialog_notebook
gnc_options_dialog_changed
gnc_option_changed_widget_cb
gnc_option_changed_option_cb
gnc_options_dialog_set_apply_cb
gnc_options_dialog_set_help_cb
gnc_options_dialog_set_close_cb
gnc_options_dialog_set_global_help_cb
gnc_options_dialog_build_contents_full
gnc_options_dialog_set_scm_callbacks
GNCOptionDef_t
GNCOptionDef_t_swigregister
gnc_options_ui_initialize
gnc_options_ui_register_option
gnc_options_ui_get_option
PLUGIN_PAGE_IMMUTABLE
GncMainWindow
GncMainWindow_swigregister
GncMainWindowClass
GncMainWindowClass_swigregister
GncMainWindowActionData
GncMainWindowActionData_swigregister
gnc_main_window_get_type
gnc_main_window_new
gnc_main_window_display_page
gnc_main_window_open_page
gnc_main_window_close_page
gnc_main_window_foreach_page
gnc_main_window_get_current_page
gnc_main_window_get_uimanager
main_window_update_page_name
main_window_update_page_color
gnc_main_window_manual_merge_actions
gnc_main_window_merge_actions
gnc_main_window_unmerge_actions
gnc_main_window_actions_updated
gnc_main_window_get_action_group
gnc_main_window_set_progressbar_window
gnc_main_window_button_press_cb
gnc_main_window_popup_menu_cb
gnc_main_window_restore_all_windows
gnc_main_window_save_all_windows
gnc_main_window_restore_default_state
gnc_gtk_action_group_set_translation_domain
gnc_main_window_finish_pending
gnc_main_window_all_finish_pending
gnc_main_window_all_action_set_sensitive
gnc_main_window_find_action
gnc_main_window_show_all_windows
gnc_book_options_dialog_cb
gnc_book_options_dialog_apply_helper
GNC_PLUGIN_NAME
GncPlugin
GncPlugin_swigregister
GncPluginClass
GncPluginClass_swigregister
gnc_plugin_get_type
gnc_plugin_add_to_window
gnc_plugin_remove_from_window
gnc_plugin_get_name
action_toolbar_labels
action_toolbar_labels_swigregister
gnc_plugin_init_short_names
gnc_plugin_set_important_actions
gnc_plugin_update_actions
gnc_plugin_add_actions
GNC_PREF_SUMMARYBAR_POSITION_TOP
GNC_PREF_SUMMARYBAR_POSITION_BOTTOM
GncPluginPage
GncPluginPage_swigregister
GncPluginPageClass
GncPluginPageClass_swigregister
gnc_plugin_page_get_type
gnc_plugin_page_create_widget
gnc_plugin_page_destroy_widget
gnc_plugin_page_show_summarybar
gnc_plugin_page_save_page
gnc_plugin_page_recreate_page
gnc_plugin_page_merge_actions
gnc_plugin_page_unmerge_actions
gnc_plugin_page_get_plugin_name
gnc_plugin_page_add_book
gnc_plugin_page_has_book
gnc_plugin_page_has_books
gnc_plugin_page_get_window
gnc_plugin_page_get_page_name
gnc_plugin_page_set_page_name
gnc_plugin_page_get_page_long_name
gnc_plugin_page_set_page_long_name
gnc_plugin_page_get_page_color
gnc_plugin_page_set_page_color
gnc_plugin_page_get_uri
gnc_plugin_page_set_uri
gnc_plugin_page_get_statusbar_text
gnc_plugin_page_set_statusbar_text
gnc_plugin_page_get_use_new_window
gnc_plugin_page_set_use_new_window
gnc_plugin_page_get_ui_description
gnc_plugin_page_set_ui_description
gnc_plugin_page_get_ui_merge
gnc_plugin_page_get_action_group
gnc_plugin_page_create_action_group
gnc_plugin_page_get_action
gnc_plugin_page_inserted
gnc_plugin_page_removed
gnc_plugin_page_selected
gnc_plugin_page_unselected
gnc_plugin_page_finish_pending
sw_engine
GncPluginManager
GncPluginManager_swigregister
GncPluginManagerClass
GncPluginManagerClass_swigregister
gnc_plugin_manager_get_type
gnc_plugin_manager_get
gnc_plugin_manager_add_plugin
gnc_plugin_manager_remove_plugin
gnc_plugin_manager_get_plugins
gnc_plugin_manager_get_plugin
